IQ-TREE multicore version 1.6.12 for Mac OS X 64-bit built Aug 15 2019
Developed by Bui Quang Minh, Nguyen Lam Tung, Olga Chernomor,
Heiko Schmidt, Dominik Schrempf, Michael Woodhams.

Host:    Rasmuss-MacBook-Air.local (SSE4.2, 16 GB RAM)
Command: iqtree -nt 1 -s results/aligned-delim.fasta -m GTR -ninit 2 -n 2 -me 0.05
Seed:    376487 (Using SPRNG - Scalable Parallel Random Number Generator)
Time:    Sat Sep 17 18:59:23 2022
Kernel:  SSE2 - 1 threads (8 CPU cores detected)

HINT: Use -nt option to specify number of threads because your CPU has 8 cores!
HINT: -nt AUTO will automatically determine the best number of threads to use.

Reading alignment file results/aligned-delim.fasta ... Fasta format detected
Alignment most likely contains DNA/RNA sequences
Alignment has 12 sequences with 295 columns, 15 distinct patterns
8 parsimony-informative, 1 singleton sites, 286 constant sites
WARNING: Some sequence names are changed as follows:
gb:CY114382_DELIM-OGWCEIIFIRZIEFFIKRCG_Organism:Influenza -> gb_CY114382_DELIM-OGWCEIIFIRZIEFFIKRCG_Organism_Influenza

                                                                                                                                                                                                                                                                                                               Gap/Ambiguity  Composition  p-value
   1  gb_CY114382_DELIM-OGWCEIIFIRZIEFFIKRCG_Organism_Influenza                                                                                                                                                                                                                                                        0.00%    passed     99.97%
   2  A_DELIM-GWJLXGSICTVBYFVJGMVP_District_Of_Columbia_DELIM-GWJLXGSICTVBYFVJGMVP_58_DELIM-GWJLXGSICTVBYFVJGMVP_2019_DELIM-OGWCEIIFIRZIEFFIKRCG_7_DELIM-OGWCEIIFIRZIEFFIKRCG_11_DELIM-GWJLXGSICTVBYFVJGMVP_28_DELIM-GWJLXGSICTVBYFVJGMVP_2019_DELIM-OGWCEIIFIRZIEFFIKRCG_USA_DELIM-OGWCEIIFIRZIEFFIKRCG_M1            0.34%    passed     99.76%
   3  A_DELIM-GWJLXGSICTVBYFVJGMVP_New_Mexico_DELIM-GWJLXGSICTVBYFVJGMVP_08_DELIM-GWJLXGSICTVBYFVJGMVP_2019_DELIM-OGWCEIIFIRZIEFFIKRCG_7_DELIM-OGWCEIIFIRZIEFFIKRCG_01_DELIM-GWJLXGSICTVBYFVJGMVP_28_DELIM-GWJLXGSICTVBYFVJGMVP_2019_DELIM-OGWCEIIFIRZIEFFIKRCG_USA_DELIM-OGWCEIIFIRZIEFFIKRCG_M1                      0.34%    passed     99.90%
   4  A_DELIM-GWJLXGSICTVBYFVJGMVP_South_Carolina_DELIM-GWJLXGSICTVBYFVJGMVP_NHRC_OID_JX42387_DELIM-GWJLXGSICTVBYFVJGMVP_2019_DELIM-OGWCEIIFIRZIEFFIKRCG_7_DELIM-OGWCEIIFIRZIEFFIKRCG_02_DELIM-GWJLXGSICTVBYFVJGMVP_04_DELIM-GWJLXGSICTVBYFVJGMVP_2019_DELIM-OGWCEIIFIRZIEFFIKRCG_USA_DELIM-OGWCEIIFIRZIEFFIKRCG_M1    0.68%    passed    100.00%
   5  A_DELIM-GWJLXGSICTVBYFVJGMVP_Wuhan_DELIM-GWJLXGSICTVBYFVJGMVP_2153_DELIM-GWJLXGSICTVBYFVJGMVP_2018_DELIM-OGWCEIIFIRZIEFFIKRCG_7_DELIM-OGWCEIIFIRZIEFFIKRCG_02_DELIM-GWJLXGSICTVBYFVJGMVP_2018_DELIM-OGWCEIIFIRZIEFFIKRCG_China_DELIM-OGWCEIIFIRZIEFFIKRCG_M1                                                     0.34%    passed     99.90%
   6  A_DELIM-GWJLXGSICTVBYFVJGMVP_Hawaii_DELIM-GWJLXGSICTVBYFVJGMVP_18_DELIM-GWJLXGSICTVBYFVJGMVP_2018_DELIM-OGWCEIIFIRZIEFFIKRCG_7_DELIM-OGWCEIIFIRZIEFFIKRCG_02_DELIM-GWJLXGSICTVBYFVJGMVP_08_DELIM-GWJLXGSICTVBYFVJGMVP_2018_DELIM-OGWCEIIFIRZIEFFIKRCG_USA_DELIM-OGWCEIIFIRZIEFFIKRCG_M1                          0.34%    passed     99.97%
   7  A_DELIM-GWJLXGSICTVBYFVJGMVP_Osorno_DELIM-GWJLXGSICTVBYFVJGMVP_PUC_MVL_COL150_DELIM-GWJLXGSICTVBYFVJGMVP_2018_DELIM-OGWCEIIFIRZIEFFIKRCG_7_DELIM-OGWCEIIFIRZIEFFIKRCG_2018_DELIM-OGWCEIIFIRZIEFFIKRCG_Chile_DELIM-OGWCEIIFIRZIEFFIKRCG_M1                                                                        0.34%    passed     99.97%
   8  A_DELIM-GWJLXGSICTVBYFVJGMVP_Texas_DELIM-GWJLXGSICTVBYFVJGMVP_78_DELIM-GWJLXGSICTVBYFVJGMVP_2018_DELIM-OGWCEIIFIRZIEFFIKRCG_7_DELIM-OGWCEIIFIRZIEFFIKRCG_02_DELIM-GWJLXGSICTVBYFVJGMVP_02_DELIM-GWJLXGSICTVBYFVJGMVP_2018_DELIM-OGWCEIIFIRZIEFFIKRCG_USA_DELIM-OGWCEIIFIRZIEFFIKRCG_M1                           0.34%    passed     99.97%
   9  A_DELIM-GWJLXGSICTVBYFVJGMVP_Nevada_DELIM-GWJLXGSICTVBYFVJGMVP_8293_DELIM-GWJLXGSICTVBYFVJGMVP_2019_DELIM-OGWCEIIFIRZIEFFIKRCG_7_DELIM-OGWCEIIFIRZIEFFIKRCG_01_DELIM-GWJLXGSICTVBYFVJGMVP_30_DELIM-GWJLXGSICTVBYFVJGMVP_2019_DELIM-OGWCEIIFIRZIEFFIKRCG_USA_DELIM-OGWCEIIFIRZIEFFIKRCG_M1                        0.34%    passed     99.90%
  10  A_DELIM-GWJLXGSICTVBYFVJGMVP_Louisiana_DELIM-GWJLXGSICTVBYFVJGMVP_15_DELIM-GWJLXGSICTVBYFVJGMVP_2020_DELIM-OGWCEIIFIRZIEFFIKRCG_7_DELIM-OGWCEIIFIRZIEFFIKRCG_02_DELIM-GWJLXGSICTVBYFVJGMVP_05_DELIM-GWJLXGSICTVBYFVJGMVP_2020_DELIM-OGWCEIIFIRZIEFFIKRCG_USA_DELIM-OGWCEIIFIRZIEFFIKRCG_M1                       0.34%    passed     99.90%
  11  A_DELIM-GWJLXGSICTVBYFVJGMVP_Texas_DELIM-GWJLXGSICTVBYFVJGMVP_9431_DELIM-GWJLXGSICTVBYFVJGMVP_2019_DELIM-OGWCEIIFIRZIEFFIKRCG_7_DELIM-OGWCEIIFIRZIEFFIKRCG_02_DELIM-GWJLXGSICTVBYFVJGMVP_06_DELIM-GWJLXGSICTVBYFVJGMVP_2019_DELIM-OGWCEIIFIRZIEFFIKRCG_USA_DELIM-OGWCEIIFIRZIEFFIKRCG_M1                         0.34%    passed     99.90%
  12  A_DELIM-GWJLXGSICTVBYFVJGMVP_California_DELIM-GWJLXGSICTVBYFVJGMVP_142_DELIM-GWJLXGSICTVBYFVJGMVP_2019_DELIM-OGWCEIIFIRZIEFFIKRCG_7_DELIM-OGWCEIIFIRZIEFFIKRCG_05_DELIM-GWJLXGSICTVBYFVJGMVP_22_DELIM-GWJLXGSICTVBYFVJGMVP_2019_DELIM-OGWCEIIFIRZIEFFIKRCG_USA_DELIM-OGWCEIIFIRZIEFFIKRCG_M1                     0.34%    passed     99.90%
****  TOTAL                                                                                                                                                                                                                                                                                                            0.34%  0 sequences failed composition chi2 test (p-value<5%; df=3)
NOTE: A_DELIM-GWJLXGSICTVBYFVJGMVP_Osorno_DELIM-GWJLXGSICTVBYFVJGMVP_PUC_MVL_COL150_DELIM-GWJLXGSICTVBYFVJGMVP_2018_DELIM-OGWCEIIFIRZIEFFIKRCG_7_DELIM-OGWCEIIFIRZIEFFIKRCG_2018_DELIM-OGWCEIIFIRZIEFFIKRCG_Chile_DELIM-OGWCEIIFIRZIEFFIKRCG_M1 is identical to A_DELIM-GWJLXGSICTVBYFVJGMVP_Hawaii_DELIM-GWJLXGSICTVBYFVJGMVP_18_DELIM-GWJLXGSICTVBYFVJGMVP_2018_DELIM-OGWCEIIFIRZIEFFIKRCG_7_DELIM-OGWCEIIFIRZIEFFIKRCG_02_DELIM-GWJLXGSICTVBYFVJGMVP_08_DELIM-GWJLXGSICTVBYFVJGMVP_2018_DELIM-OGWCEIIFIRZIEFFIKRCG_USA_DELIM-OGWCEIIFIRZIEFFIKRCG_M1 but kept for subsequent analysis
NOTE: A_DELIM-GWJLXGSICTVBYFVJGMVP_Louisiana_DELIM-GWJLXGSICTVBYFVJGMVP_15_DELIM-GWJLXGSICTVBYFVJGMVP_2020_DELIM-OGWCEIIFIRZIEFFIKRCG_7_DELIM-OGWCEIIFIRZIEFFIKRCG_02_DELIM-GWJLXGSICTVBYFVJGMVP_05_DELIM-GWJLXGSICTVBYFVJGMVP_2020_DELIM-OGWCEIIFIRZIEFFIKRCG_USA_DELIM-OGWCEIIFIRZIEFFIKRCG_M1 is identical to A_DELIM-GWJLXGSICTVBYFVJGMVP_Nevada_DELIM-GWJLXGSICTVBYFVJGMVP_8293_DELIM-GWJLXGSICTVBYFVJGMVP_2019_DELIM-OGWCEIIFIRZIEFFIKRCG_7_DELIM-OGWCEIIFIRZIEFFIKRCG_01_DELIM-GWJLXGSICTVBYFVJGMVP_30_DELIM-GWJLXGSICTVBYFVJGMVP_2019_DELIM-OGWCEIIFIRZIEFFIKRCG_USA_DELIM-OGWCEIIFIRZIEFFIKRCG_M1 but kept for subsequent analysis
NOTE: 3 identical sequences (see below) will be ignored for subsequent analysis
NOTE: A_DELIM-GWJLXGSICTVBYFVJGMVP_Texas_DELIM-GWJLXGSICTVBYFVJGMVP_78_DELIM-GWJLXGSICTVBYFVJGMVP_2018_DELIM-OGWCEIIFIRZIEFFIKRCG_7_DELIM-OGWCEIIFIRZIEFFIKRCG_02_DELIM-GWJLXGSICTVBYFVJGMVP_02_DELIM-GWJLXGSICTVBYFVJGMVP_2018_DELIM-OGWCEIIFIRZIEFFIKRCG_USA_DELIM-OGWCEIIFIRZIEFFIKRCG_M1 (identical to A_DELIM-GWJLXGSICTVBYFVJGMVP_Hawaii_DELIM-GWJLXGSICTVBYFVJGMVP_18_DELIM-GWJLXGSICTVBYFVJGMVP_2018_DELIM-OGWCEIIFIRZIEFFIKRCG_7_DELIM-OGWCEIIFIRZIEFFIKRCG_02_DELIM-GWJLXGSICTVBYFVJGMVP_08_DELIM-GWJLXGSICTVBYFVJGMVP_2018_DELIM-OGWCEIIFIRZIEFFIKRCG_USA_DELIM-OGWCEIIFIRZIEFFIKRCG_M1) is ignored but added at the end
NOTE: A_DELIM-GWJLXGSICTVBYFVJGMVP_Texas_DELIM-GWJLXGSICTVBYFVJGMVP_9431_DELIM-GWJLXGSICTVBYFVJGMVP_2019_DELIM-OGWCEIIFIRZIEFFIKRCG_7_DELIM-OGWCEIIFIRZIEFFIKRCG_02_DELIM-GWJLXGSICTVBYFVJGMVP_06_DELIM-GWJLXGSICTVBYFVJGMVP_2019_DELIM-OGWCEIIFIRZIEFFIKRCG_USA_DELIM-OGWCEIIFIRZIEFFIKRCG_M1 (identical to A_DELIM-GWJLXGSICTVBYFVJGMVP_Nevada_DELIM-GWJLXGSICTVBYFVJGMVP_8293_DELIM-GWJLXGSICTVBYFVJGMVP_2019_DELIM-OGWCEIIFIRZIEFFIKRCG_7_DELIM-OGWCEIIFIRZIEFFIKRCG_01_DELIM-GWJLXGSICTVBYFVJGMVP_30_DELIM-GWJLXGSICTVBYFVJGMVP_2019_DELIM-OGWCEIIFIRZIEFFIKRCG_USA_DELIM-OGWCEIIFIRZIEFFIKRCG_M1) is ignored but added at the end
NOTE: A_DELIM-GWJLXGSICTVBYFVJGMVP_California_DELIM-GWJLXGSICTVBYFVJGMVP_142_DELIM-GWJLXGSICTVBYFVJGMVP_2019_DELIM-OGWCEIIFIRZIEFFIKRCG_7_DELIM-OGWCEIIFIRZIEFFIKRCG_05_DELIM-GWJLXGSICTVBYFVJGMVP_22_DELIM-GWJLXGSICTVBYFVJGMVP_2019_DELIM-OGWCEIIFIRZIEFFIKRCG_USA_DELIM-OGWCEIIFIRZIEFFIKRCG_M1 (identical to A_DELIM-GWJLXGSICTVBYFVJGMVP_Nevada_DELIM-GWJLXGSICTVBYFVJGMVP_8293_DELIM-GWJLXGSICTVBYFVJGMVP_2019_DELIM-OGWCEIIFIRZIEFFIKRCG_7_DELIM-OGWCEIIFIRZIEFFIKRCG_01_DELIM-GWJLXGSICTVBYFVJGMVP_30_DELIM-GWJLXGSICTVBYFVJGMVP_2019_DELIM-OGWCEIIFIRZIEFFIKRCG_USA_DELIM-OGWCEIIFIRZIEFFIKRCG_M1) is ignored but added at the end

For your convenience alignment with unique sequences printed to results/aligned-delim.fasta.uniqueseq.phy

Create initial parsimony tree by phylogenetic likelihood library (PLL)... 0.001 seconds

NOTE: 0 MB RAM (0 GB) is required!
Estimate model parameters (epsilon = 0.500)
1. Initial log-likelihood: -480.183
2. Current log-likelihood: -464.478
3. Current log-likelihood: -463.890
Optimal log-likelihood: -463.870
Rate parameters:  A-C: 0.00010  A-G: 60.87814  A-T: 36.12586  C-G: 0.04523  C-T: 100.00000  G-T: 1.00000
Base frequencies:  A: 0.280  C: 0.198  G: 0.253  T: 0.270
Parameters optimization took 3 rounds (0.004 sec)

WARNING: Estimated model parameters are at boundary that can cause numerical instability!

Computing ML distances based on estimated model parameters... 0.000 sec
Computing BIONJ tree...
0.000 seconds
Log-likelihood of BIONJ tree: -463.869
--------------------------------------------------------------------
|             INITIALIZING CANDIDATE TREE SET                      |
--------------------------------------------------------------------

Do NNI search on 2 best initial trees
BETTER TREE FOUND at iteration 1: -463.869
Finish initializing candidate tree set (3)
Current best tree score: -463.869 / CPU time: 0.001
Number of iterations: 2
TREE SEARCH COMPLETED AFTER 2 ITERATIONS / Time: 0h:0m:0s

--------------------------------------------------------------------
|                    FINALIZING TREE SEARCH                        |
--------------------------------------------------------------------
Performs final model parameters optimization
Estimate model parameters (epsilon = 0.050)
1. Initial log-likelihood: -463.869
Optimal log-likelihood: -463.867
Rate parameters:  A-C: 0.00010  A-G: 60.87624  A-T: 36.12655  C-G: 0.00881  C-T: 100.00000  G-T: 1.00000
Base frequencies:  A: 0.280  C: 0.198  G: 0.253  T: 0.270
Parameters optimization took 1 rounds (0.001 sec)

WARNING: Estimated model parameters are at boundary that can cause numerical instability!

BEST SCORE FOUND : -463.867
Total tree length: 0.031

Total number of iterations: 2
CPU time used for tree search: 0.001 sec (0h:0m:0s)
Wall-clock time used for tree search: 0.001 sec (0h:0m:0s)
Total CPU time used: 0.008 sec (0h:0m:0s)
Total wall-clock time used: 0.013 sec (0h:0m:0s)

Analysis results written to: 
  IQ-TREE report:                results/aligned-delim.fasta.iqtree
  Maximum-likelihood tree:       results/aligned-delim.fasta.treefile
  Likelihood distances:          results/aligned-delim.fasta.mldist
  Screen log file:               results/aligned-delim.fasta.log

Date and Time: Sat Sep 17 18:59:23 2022
