IQ-TREE multicore version 1.6.12 for Mac OS X 64-bit built Aug 15 2019
Developed by Bui Quang Minh, Nguyen Lam Tung, Olga Chernomor,
Heiko Schmidt, Dominik Schrempf, Michael Woodhams.

Host:    Rasmuss-MacBook-Air.local (SSE4.2, 16 GB RAM)
Command: iqtree -nt 1 -s results/aligned-delim.fasta -m GTR -ninit 2 -n 2 -me 0.05
Seed:    329119 (Using SPRNG - Scalable Parallel Random Number Generator)
Time:    Mon Sep  5 00:31:43 2022
Kernel:  SSE2 - 1 threads (8 CPU cores detected)

HINT: Use -nt option to specify number of threads because your CPU has 8 cores!
HINT: -nt AUTO will automatically determine the best number of threads to use.

Reading alignment file results/aligned-delim.fasta ... Fasta format detected
Alignment most likely contains DNA/RNA sequences
Alignment has 51 sequences with 999 columns, 120 distinct patterns
137 parsimony-informative, 78 singleton sites, 784 constant sites
WARNING: Some sequence names are changed as follows:
gb:CY114382_DELIM-FCGGXNELWSLZAZNOQPVV_Organism:Influenza -> gb_CY114382_DELIM-FCGGXNELWSLZAZNOQPVV_Organism_Influenza

                                                                                                                                                                                                                                                                                                                                              Gap/Ambiguity  Composition  p-value
   1  gb_CY114382_DELIM-FCGGXNELWSLZAZNOQPVV_Organism_Influenza                                                                                                                                                                                                                                                                                       0.00%    passed     86.69%
   2  A_DELIM-WNHWRABOPIODIJOAGZFC_Kansas_DELIM-WNHWRABOPIODIJOAGZFC_9506_DELIM-WNHWRABOPIODIJOAGZFC_2019_DELIM-FCGGXNELWSLZAZNOQPVV_7_DELIM-FCGGXNELWSLZAZNOQPVV_04_DELIM-WNHWRABOPIODIJOAGZFC_08_DELIM-WNHWRABOPIODIJOAGZFC_2019_DELIM-FCGGXNELWSLZAZNOQPVV_USA_DELIM-FCGGXNELWSLZAZNOQPVV_M1                                                      24.02%    passed     99.14%
   3  A_DELIM-WNHWRABOPIODIJOAGZFC_Texas_DELIM-WNHWRABOPIODIJOAGZFC_7909_DELIM-WNHWRABOPIODIJOAGZFC_2018_DELIM-FCGGXNELWSLZAZNOQPVV_7_DELIM-FCGGXNELWSLZAZNOQPVV_12_DELIM-WNHWRABOPIODIJOAGZFC_28_DELIM-WNHWRABOPIODIJOAGZFC_2018_DELIM-FCGGXNELWSLZAZNOQPVV_USA_DELIM-FCGGXNELWSLZAZNOQPVV_M1                                                       24.02%    passed     99.26%
   4  A_DELIM-WNHWRABOPIODIJOAGZFC_Georgia_DELIM-WNHWRABOPIODIJOAGZFC_12_DELIM-WNHWRABOPIODIJOAGZFC_2019_DELIM-FCGGXNELWSLZAZNOQPVV_7_DELIM-FCGGXNELWSLZAZNOQPVV_02_DELIM-WNHWRABOPIODIJOAGZFC_15_DELIM-WNHWRABOPIODIJOAGZFC_2019_DELIM-FCGGXNELWSLZAZNOQPVV_USA_DELIM-FCGGXNELWSLZAZNOQPVV_M1                                                       24.02%    passed     99.26%
   5  A_DELIM-WNHWRABOPIODIJOAGZFC_New_York_DELIM-WNHWRABOPIODIJOAGZFC_26_DELIM-WNHWRABOPIODIJOAGZFC_2019_DELIM-FCGGXNELWSLZAZNOQPVV_7_DELIM-FCGGXNELWSLZAZNOQPVV_03_DELIM-WNHWRABOPIODIJOAGZFC_05_DELIM-WNHWRABOPIODIJOAGZFC_2019_DELIM-FCGGXNELWSLZAZNOQPVV_USA_DELIM-FCGGXNELWSLZAZNOQPVV_M1                                                      24.02%    passed     99.26%
   6  A_DELIM-WNHWRABOPIODIJOAGZFC_Virginia_DELIM-WNHWRABOPIODIJOAGZFC_03_DELIM-WNHWRABOPIODIJOAGZFC_2019_DELIM-FCGGXNELWSLZAZNOQPVV_7_DELIM-FCGGXNELWSLZAZNOQPVV_01_DELIM-WNHWRABOPIODIJOAGZFC_08_DELIM-WNHWRABOPIODIJOAGZFC_2019_DELIM-FCGGXNELWSLZAZNOQPVV_USA_DELIM-FCGGXNELWSLZAZNOQPVV_M1                                                      24.02%    passed     99.14%
   7  A_DELIM-WNHWRABOPIODIJOAGZFC_Missouri_DELIM-WNHWRABOPIODIJOAGZFC_9695_DELIM-WNHWRABOPIODIJOAGZFC_2019_DELIM-FCGGXNELWSLZAZNOQPVV_7_DELIM-FCGGXNELWSLZAZNOQPVV_04_DELIM-WNHWRABOPIODIJOAGZFC_19_DELIM-WNHWRABOPIODIJOAGZFC_2019_DELIM-FCGGXNELWSLZAZNOQPVV_USA_DELIM-FCGGXNELWSLZAZNOQPVV_M1                                                    24.02%    passed     99.14%
   8  A_DELIM-WNHWRABOPIODIJOAGZFC_Wyoming_DELIM-WNHWRABOPIODIJOAGZFC_17_DELIM-WNHWRABOPIODIJOAGZFC_2019_DELIM-FCGGXNELWSLZAZNOQPVV_7_DELIM-FCGGXNELWSLZAZNOQPVV_03_DELIM-WNHWRABOPIODIJOAGZFC_14_DELIM-WNHWRABOPIODIJOAGZFC_2019_DELIM-FCGGXNELWSLZAZNOQPVV_USA_DELIM-FCGGXNELWSLZAZNOQPVV_M1                                                       24.02%    passed     99.14%
   9  A_DELIM-WNHWRABOPIODIJOAGZFC_Florida_DELIM-WNHWRABOPIODIJOAGZFC_68_DELIM-WNHWRABOPIODIJOAGZFC_2019_DELIM-FCGGXNELWSLZAZNOQPVV_7_DELIM-FCGGXNELWSLZAZNOQPVV_05_DELIM-WNHWRABOPIODIJOAGZFC_08_DELIM-WNHWRABOPIODIJOAGZFC_2019_DELIM-FCGGXNELWSLZAZNOQPVV_USA_DELIM-FCGGXNELWSLZAZNOQPVV_M1                                                       24.02%    passed     99.14%
  10  A_DELIM-WNHWRABOPIODIJOAGZFC_Maryland_DELIM-WNHWRABOPIODIJOAGZFC_19_DELIM-WNHWRABOPIODIJOAGZFC_2019_DELIM-FCGGXNELWSLZAZNOQPVV_7_DELIM-FCGGXNELWSLZAZNOQPVV_03_DELIM-WNHWRABOPIODIJOAGZFC_18_DELIM-WNHWRABOPIODIJOAGZFC_2019_DELIM-FCGGXNELWSLZAZNOQPVV_USA_DELIM-FCGGXNELWSLZAZNOQPVV_M1                                                      24.02%    passed     99.14%
  11  A_DELIM-WNHWRABOPIODIJOAGZFC_Mississippi_DELIM-WNHWRABOPIODIJOAGZFC_06_DELIM-WNHWRABOPIODIJOAGZFC_2019_DELIM-FCGGXNELWSLZAZNOQPVV_7_DELIM-FCGGXNELWSLZAZNOQPVV_01_DELIM-WNHWRABOPIODIJOAGZFC_23_DELIM-WNHWRABOPIODIJOAGZFC_2019_DELIM-FCGGXNELWSLZAZNOQPVV_USA_DELIM-FCGGXNELWSLZAZNOQPVV_M1                                                   24.02%    passed     98.39%
  12  A_DELIM-WNHWRABOPIODIJOAGZFC_California_DELIM-WNHWRABOPIODIJOAGZFC_142_DELIM-WNHWRABOPIODIJOAGZFC_2019_DELIM-FCGGXNELWSLZAZNOQPVV_7_DELIM-FCGGXNELWSLZAZNOQPVV_05_DELIM-WNHWRABOPIODIJOAGZFC_22_DELIM-WNHWRABOPIODIJOAGZFC_2019_DELIM-FCGGXNELWSLZAZNOQPVV_USA_DELIM-FCGGXNELWSLZAZNOQPVV_M1                                                    1.70%    passed     85.40%
  13  A_DELIM-WNHWRABOPIODIJOAGZFC_Texas_DELIM-WNHWRABOPIODIJOAGZFC_9431_DELIM-WNHWRABOPIODIJOAGZFC_2019_DELIM-FCGGXNELWSLZAZNOQPVV_7_DELIM-FCGGXNELWSLZAZNOQPVV_02_DELIM-WNHWRABOPIODIJOAGZFC_06_DELIM-WNHWRABOPIODIJOAGZFC_2019_DELIM-FCGGXNELWSLZAZNOQPVV_USA_DELIM-FCGGXNELWSLZAZNOQPVV_M1                                                        1.70%    passed     85.22%
  14  A_DELIM-WNHWRABOPIODIJOAGZFC_Nevada_DELIM-WNHWRABOPIODIJOAGZFC_8293_DELIM-WNHWRABOPIODIJOAGZFC_2019_DELIM-FCGGXNELWSLZAZNOQPVV_7_DELIM-FCGGXNELWSLZAZNOQPVV_01_DELIM-WNHWRABOPIODIJOAGZFC_30_DELIM-WNHWRABOPIODIJOAGZFC_2019_DELIM-FCGGXNELWSLZAZNOQPVV_USA_DELIM-FCGGXNELWSLZAZNOQPVV_M1                                                       1.70%    passed     85.22%
  15  A_DELIM-WNHWRABOPIODIJOAGZFC_Louisiana_DELIM-WNHWRABOPIODIJOAGZFC_15_DELIM-WNHWRABOPIODIJOAGZFC_2020_DELIM-FCGGXNELWSLZAZNOQPVV_7_DELIM-FCGGXNELWSLZAZNOQPVV_02_DELIM-WNHWRABOPIODIJOAGZFC_05_DELIM-WNHWRABOPIODIJOAGZFC_2020_DELIM-FCGGXNELWSLZAZNOQPVV_USA_DELIM-FCGGXNELWSLZAZNOQPVV_M1                                                      1.70%    passed     89.92%
  16  A_DELIM-WNHWRABOPIODIJOAGZFC_South_Australia_DELIM-WNHWRABOPIODIJOAGZFC_68_DELIM-WNHWRABOPIODIJOAGZFC_2018_DELIM-FCGGXNELWSLZAZNOQPVV_7_DELIM-FCGGXNELWSLZAZNOQPVV_09_DELIM-WNHWRABOPIODIJOAGZFC_17_DELIM-WNHWRABOPIODIJOAGZFC_2018_DELIM-FCGGXNELWSLZAZNOQPVV_Australia_DELIM-FCGGXNELWSLZAZNOQPVV_M1                                         24.02%    passed    100.00%
  17  A_DELIM-WNHWRABOPIODIJOAGZFC_Guam_DELIM-WNHWRABOPIODIJOAGZFC_7145_DELIM-WNHWRABOPIODIJOAGZFC_2018_DELIM-FCGGXNELWSLZAZNOQPVV_7_DELIM-FCGGXNELWSLZAZNOQPVV_02_DELIM-WNHWRABOPIODIJOAGZFC_15_DELIM-WNHWRABOPIODIJOAGZFC_2018_DELIM-FCGGXNELWSLZAZNOQPVV_Guam_DELIM-FCGGXNELWSLZAZNOQPVV_M1                                                       24.02%    passed     99.69%
  18  A_DELIM-WNHWRABOPIODIJOAGZFC_Arizona_DELIM-WNHWRABOPIODIJOAGZFC_48_DELIM-WNHWRABOPIODIJOAGZFC_2018_DELIM-FCGGXNELWSLZAZNOQPVV_7_DELIM-FCGGXNELWSLZAZNOQPVV_11_DELIM-WNHWRABOPIODIJOAGZFC_05_DELIM-WNHWRABOPIODIJOAGZFC_2018_DELIM-FCGGXNELWSLZAZNOQPVV_USA_DELIM-FCGGXNELWSLZAZNOQPVV_M1                                                       24.02%    passed     99.69%
  19  A_DELIM-WNHWRABOPIODIJOAGZFC_Connecticut_DELIM-WNHWRABOPIODIJOAGZFC_15_DELIM-WNHWRABOPIODIJOAGZFC_2019_DELIM-FCGGXNELWSLZAZNOQPVV_7_DELIM-FCGGXNELWSLZAZNOQPVV_02_DELIM-WNHWRABOPIODIJOAGZFC_17_DELIM-WNHWRABOPIODIJOAGZFC_2019_DELIM-FCGGXNELWSLZAZNOQPVV_USA_DELIM-FCGGXNELWSLZAZNOQPVV_M1                                                   24.02%    passed     99.69%
  20  A_DELIM-WNHWRABOPIODIJOAGZFC_Arizona_DELIM-WNHWRABOPIODIJOAGZFC_11_DELIM-WNHWRABOPIODIJOAGZFC_2020_DELIM-FCGGXNELWSLZAZNOQPVV_7_DELIM-FCGGXNELWSLZAZNOQPVV_02_DELIM-WNHWRABOPIODIJOAGZFC_24_DELIM-WNHWRABOPIODIJOAGZFC_2020_DELIM-FCGGXNELWSLZAZNOQPVV_USA_DELIM-FCGGXNELWSLZAZNOQPVV_M1                                                       24.02%    passed     98.79%
  21  A_DELIM-WNHWRABOPIODIJOAGZFC_Oregon_DELIM-WNHWRABOPIODIJOAGZFC_28_DELIM-WNHWRABOPIODIJOAGZFC_2019_DELIM-FCGGXNELWSLZAZNOQPVV_7_DELIM-FCGGXNELWSLZAZNOQPVV_10_DELIM-WNHWRABOPIODIJOAGZFC_30_DELIM-WNHWRABOPIODIJOAGZFC_2019_DELIM-FCGGXNELWSLZAZNOQPVV_USA_DELIM-FCGGXNELWSLZAZNOQPVV_M1                                                        24.02%    passed     99.03%
  22  A_DELIM-WNHWRABOPIODIJOAGZFC_Victoria_DELIM-WNHWRABOPIODIJOAGZFC_23_DELIM-WNHWRABOPIODIJOAGZFC_2018_DELIM-FCGGXNELWSLZAZNOQPVV_7_DELIM-FCGGXNELWSLZAZNOQPVV_10_DELIM-WNHWRABOPIODIJOAGZFC_01_DELIM-WNHWRABOPIODIJOAGZFC_2018_DELIM-FCGGXNELWSLZAZNOQPVV_Australia_DELIM-FCGGXNELWSLZAZNOQPVV_M1                                                24.02%    passed     99.95%
  23  A_DELIM-WNHWRABOPIODIJOAGZFC_California_DELIM-WNHWRABOPIODIJOAGZFC_171_DELIM-WNHWRABOPIODIJOAGZFC_2019_DELIM-FCGGXNELWSLZAZNOQPVV_7_DELIM-FCGGXNELWSLZAZNOQPVV_10_DELIM-WNHWRABOPIODIJOAGZFC_03_DELIM-WNHWRABOPIODIJOAGZFC_2019_DELIM-FCGGXNELWSLZAZNOQPVV_USA_DELIM-FCGGXNELWSLZAZNOQPVV_M1                                                   24.02%    passed     99.95%
  24  A_DELIM-WNHWRABOPIODIJOAGZFC_Montana_DELIM-WNHWRABOPIODIJOAGZFC_68_DELIM-WNHWRABOPIODIJOAGZFC_2019_DELIM-FCGGXNELWSLZAZNOQPVV_7_DELIM-FCGGXNELWSLZAZNOQPVV_12_DELIM-WNHWRABOPIODIJOAGZFC_25_DELIM-WNHWRABOPIODIJOAGZFC_2019_DELIM-FCGGXNELWSLZAZNOQPVV_USA_DELIM-FCGGXNELWSLZAZNOQPVV_M1                                                       24.02%    passed     99.95%
  25  A_DELIM-WNHWRABOPIODIJOAGZFC_South_Korea_DELIM-WNHWRABOPIODIJOAGZFC_8674_DELIM-WNHWRABOPIODIJOAGZFC_2019_DELIM-FCGGXNELWSLZAZNOQPVV_7_DELIM-FCGGXNELWSLZAZNOQPVV_01_DELIM-WNHWRABOPIODIJOAGZFC_10_DELIM-WNHWRABOPIODIJOAGZFC_2019_DELIM-FCGGXNELWSLZAZNOQPVV_South_Korea_DELIM-FCGGXNELWSLZAZNOQPVV_M1                                         24.02%    passed     99.95%
  26  A_DELIM-WNHWRABOPIODIJOAGZFC_Georgia_DELIM-WNHWRABOPIODIJOAGZFC_29_DELIM-WNHWRABOPIODIJOAGZFC_2019_DELIM-FCGGXNELWSLZAZNOQPVV_7_DELIM-FCGGXNELWSLZAZNOQPVV_04_DELIM-WNHWRABOPIODIJOAGZFC_16_DELIM-WNHWRABOPIODIJOAGZFC_2019_DELIM-FCGGXNELWSLZAZNOQPVV_USA_DELIM-FCGGXNELWSLZAZNOQPVV_M1                                                       24.02%    passed     99.67%
  27  A_DELIM-WNHWRABOPIODIJOAGZFC_Idaho_DELIM-WNHWRABOPIODIJOAGZFC_36_DELIM-WNHWRABOPIODIJOAGZFC_2019_DELIM-FCGGXNELWSLZAZNOQPVV_7_DELIM-FCGGXNELWSLZAZNOQPVV_10_DELIM-WNHWRABOPIODIJOAGZFC_30_DELIM-WNHWRABOPIODIJOAGZFC_2019_DELIM-FCGGXNELWSLZAZNOQPVV_USA_DELIM-FCGGXNELWSLZAZNOQPVV_M1                                                         24.02%    passed     99.97%
  28  A_DELIM-WNHWRABOPIODIJOAGZFC_Michigan_DELIM-WNHWRABOPIODIJOAGZFC_482_DELIM-WNHWRABOPIODIJOAGZFC_2019_DELIM-FCGGXNELWSLZAZNOQPVV_7_DELIM-FCGGXNELWSLZAZNOQPVV_12_DELIM-WNHWRABOPIODIJOAGZFC_23_DELIM-WNHWRABOPIODIJOAGZFC_2019_DELIM-FCGGXNELWSLZAZNOQPVV_USA_DELIM-FCGGXNELWSLZAZNOQPVV_M1                                                     24.02%    passed     99.93%
  29  A_DELIM-WNHWRABOPIODIJOAGZFC_Idaho_DELIM-WNHWRABOPIODIJOAGZFC_06_DELIM-WNHWRABOPIODIJOAGZFC_2020_DELIM-FCGGXNELWSLZAZNOQPVV_7_DELIM-FCGGXNELWSLZAZNOQPVV_01_DELIM-WNHWRABOPIODIJOAGZFC_11_DELIM-WNHWRABOPIODIJOAGZFC_2020_DELIM-FCGGXNELWSLZAZNOQPVV_USA_DELIM-FCGGXNELWSLZAZNOQPVV_M1                                                         24.02%    passed     99.95%
  30  A_DELIM-WNHWRABOPIODIJOAGZFC_Washington_DELIM-WNHWRABOPIODIJOAGZFC_22_DELIM-WNHWRABOPIODIJOAGZFC_2020_DELIM-FCGGXNELWSLZAZNOQPVV_7_DELIM-FCGGXNELWSLZAZNOQPVV_02_DELIM-WNHWRABOPIODIJOAGZFC_27_DELIM-WNHWRABOPIODIJOAGZFC_2020_DELIM-FCGGXNELWSLZAZNOQPVV_USA_DELIM-FCGGXNELWSLZAZNOQPVV_M1                                                    24.02%    passed     99.75%
  31  A_DELIM-WNHWRABOPIODIJOAGZFC_New_York_DELIM-WNHWRABOPIODIJOAGZFC_50_DELIM-WNHWRABOPIODIJOAGZFC_2019_DELIM-FCGGXNELWSLZAZNOQPVV_7_DELIM-FCGGXNELWSLZAZNOQPVV_11_DELIM-WNHWRABOPIODIJOAGZFC_02_DELIM-WNHWRABOPIODIJOAGZFC_2019_DELIM-FCGGXNELWSLZAZNOQPVV_USA_DELIM-FCGGXNELWSLZAZNOQPVV_M1                                                      24.02%    passed     99.28%
  32  A_DELIM-WNHWRABOPIODIJOAGZFC_New_York_DELIM-WNHWRABOPIODIJOAGZFC_PV01480_DELIM-WNHWRABOPIODIJOAGZFC_2018_DELIM-FCGGXNELWSLZAZNOQPVV_7_DELIM-FCGGXNELWSLZAZNOQPVV_2018_DELIM-FCGGXNELWSLZAZNOQPVV_USA_DELIM-FCGGXNELWSLZAZNOQPVV_M1                                                                                                             24.02%    passed     99.31%
  33  A_DELIM-WNHWRABOPIODIJOAGZFC_Florida_DELIM-WNHWRABOPIODIJOAGZFC_7214_DELIM-WNHWRABOPIODIJOAGZFC_2018_DELIM-FCGGXNELWSLZAZNOQPVV_7_DELIM-FCGGXNELWSLZAZNOQPVV_02_DELIM-WNHWRABOPIODIJOAGZFC_01_DELIM-WNHWRABOPIODIJOAGZFC_2018_DELIM-FCGGXNELWSLZAZNOQPVV_USA_DELIM-FCGGXNELWSLZAZNOQPVV_M1                                                     24.02%    passed     99.31%
  34  A_DELIM-WNHWRABOPIODIJOAGZFC_Georgia_DELIM-WNHWRABOPIODIJOAGZFC_01_DELIM-WNHWRABOPIODIJOAGZFC_2018_DELIM-FCGGXNELWSLZAZNOQPVV_7_DELIM-FCGGXNELWSLZAZNOQPVV_01_DELIM-WNHWRABOPIODIJOAGZFC_02_DELIM-WNHWRABOPIODIJOAGZFC_2018_DELIM-FCGGXNELWSLZAZNOQPVV_USA_DELIM-FCGGXNELWSLZAZNOQPVV_M1                                                       24.02%    passed     99.31%
  35  A_DELIM-WNHWRABOPIODIJOAGZFC_California_DELIM-WNHWRABOPIODIJOAGZFC_10_DELIM-WNHWRABOPIODIJOAGZFC_2018_DELIM-FCGGXNELWSLZAZNOQPVV_7_DELIM-FCGGXNELWSLZAZNOQPVV_01_DELIM-WNHWRABOPIODIJOAGZFC_09_DELIM-WNHWRABOPIODIJOAGZFC_2018_DELIM-FCGGXNELWSLZAZNOQPVV_USA_DELIM-FCGGXNELWSLZAZNOQPVV_M1                                                    24.02%    passed     99.31%
  36  A_DELIM-WNHWRABOPIODIJOAGZFC_Alabama_DELIM-WNHWRABOPIODIJOAGZFC_26_DELIM-WNHWRABOPIODIJOAGZFC_2018_DELIM-FCGGXNELWSLZAZNOQPVV_7_DELIM-FCGGXNELWSLZAZNOQPVV_02_DELIM-WNHWRABOPIODIJOAGZFC_09_DELIM-WNHWRABOPIODIJOAGZFC_2018_DELIM-FCGGXNELWSLZAZNOQPVV_USA_DELIM-FCGGXNELWSLZAZNOQPVV_M1                                                       24.02%    passed     99.31%
  37  A_DELIM-WNHWRABOPIODIJOAGZFC_California_DELIM-WNHWRABOPIODIJOAGZFC_QV2694_DELIM-WNHWRABOPIODIJOAGZFC_2018_DELIM-FCGGXNELWSLZAZNOQPVV_7_DELIM-FCGGXNELWSLZAZNOQPVV_02_DELIM-WNHWRABOPIODIJOAGZFC_08_DELIM-WNHWRABOPIODIJOAGZFC_2018_DELIM-FCGGXNELWSLZAZNOQPVV_USA_DELIM-FCGGXNELWSLZAZNOQPVV_M1                                                24.02%    passed     99.30%
  38  A_DELIM-WNHWRABOPIODIJOAGZFC_New_York_DELIM-WNHWRABOPIODIJOAGZFC_PV01148_DELIM-WNHWRABOPIODIJOAGZFC_2018_DELIM-FCGGXNELWSLZAZNOQPVV_7_DELIM-FCGGXNELWSLZAZNOQPVV_2018_DELIM-FCGGXNELWSLZAZNOQPVV_USA_DELIM-FCGGXNELWSLZAZNOQPVV_M1                                                                                                             24.02%    passed     99.09%
  39  A_DELIM-WNHWRABOPIODIJOAGZFC_New_York_DELIM-WNHWRABOPIODIJOAGZFC_13_DELIM-WNHWRABOPIODIJOAGZFC_2018_DELIM-FCGGXNELWSLZAZNOQPVV_7_DELIM-FCGGXNELWSLZAZNOQPVV_02_DELIM-WNHWRABOPIODIJOAGZFC_16_DELIM-WNHWRABOPIODIJOAGZFC_2018_DELIM-FCGGXNELWSLZAZNOQPVV_USA_DELIM-FCGGXNELWSLZAZNOQPVV_M1                                                      24.02%    passed     99.55%
  40  A_DELIM-WNHWRABOPIODIJOAGZFC_North_Carolina_DELIM-WNHWRABOPIODIJOAGZFC_23_DELIM-WNHWRABOPIODIJOAGZFC_2018_DELIM-FCGGXNELWSLZAZNOQPVV_7_DELIM-FCGGXNELWSLZAZNOQPVV_03_DELIM-WNHWRABOPIODIJOAGZFC_29_DELIM-WNHWRABOPIODIJOAGZFC_2018_DELIM-FCGGXNELWSLZAZNOQPVV_USA_DELIM-FCGGXNELWSLZAZNOQPVV_M1                                                24.02%    passed     99.26%
  41  A_DELIM-WNHWRABOPIODIJOAGZFC_Wuhan_DELIM-WNHWRABOPIODIJOAGZFC_2153_DELIM-WNHWRABOPIODIJOAGZFC_2018_DELIM-FCGGXNELWSLZAZNOQPVV_7_DELIM-FCGGXNELWSLZAZNOQPVV_02_DELIM-WNHWRABOPIODIJOAGZFC_2018_DELIM-FCGGXNELWSLZAZNOQPVV_China_DELIM-FCGGXNELWSLZAZNOQPVV_M1                                                                                    1.70%    passed     86.06%
  42  A_DELIM-WNHWRABOPIODIJOAGZFC_District_Of_Columbia_DELIM-WNHWRABOPIODIJOAGZFC_58_DELIM-WNHWRABOPIODIJOAGZFC_2019_DELIM-FCGGXNELWSLZAZNOQPVV_7_DELIM-FCGGXNELWSLZAZNOQPVV_11_DELIM-WNHWRABOPIODIJOAGZFC_28_DELIM-WNHWRABOPIODIJOAGZFC_2019_DELIM-FCGGXNELWSLZAZNOQPVV_USA_DELIM-FCGGXNELWSLZAZNOQPVV_M1                                           1.70%    passed     83.01%
  43  A_DELIM-WNHWRABOPIODIJOAGZFC_South_Carolina_DELIM-WNHWRABOPIODIJOAGZFC_NHRC_OID_JX42387_DELIM-WNHWRABOPIODIJOAGZFC_2019_DELIM-FCGGXNELWSLZAZNOQPVV_7_DELIM-FCGGXNELWSLZAZNOQPVV_02_DELIM-WNHWRABOPIODIJOAGZFC_04_DELIM-WNHWRABOPIODIJOAGZFC_2019_DELIM-FCGGXNELWSLZAZNOQPVV_USA_DELIM-FCGGXNELWSLZAZNOQPVV_M1                                   1.80%    passed     85.16%
  44  A_DELIM-WNHWRABOPIODIJOAGZFC_New_Mexico_DELIM-WNHWRABOPIODIJOAGZFC_08_DELIM-WNHWRABOPIODIJOAGZFC_2019_DELIM-FCGGXNELWSLZAZNOQPVV_7_DELIM-FCGGXNELWSLZAZNOQPVV_01_DELIM-WNHWRABOPIODIJOAGZFC_28_DELIM-WNHWRABOPIODIJOAGZFC_2019_DELIM-FCGGXNELWSLZAZNOQPVV_USA_DELIM-FCGGXNELWSLZAZNOQPVV_M1                                                     1.70%    passed     86.06%
  45  A_DELIM-WNHWRABOPIODIJOAGZFC_Osorno_DELIM-WNHWRABOPIODIJOAGZFC_PUC_MVL_COL150_DELIM-WNHWRABOPIODIJOAGZFC_2018_DELIM-FCGGXNELWSLZAZNOQPVV_7_DELIM-FCGGXNELWSLZAZNOQPVV_2018_DELIM-FCGGXNELWSLZAZNOQPVV_Chile_DELIM-FCGGXNELWSLZAZNOQPVV_M1                                                                                                       1.70%    passed     89.18%
  46  A_DELIM-WNHWRABOPIODIJOAGZFC_Texas_DELIM-WNHWRABOPIODIJOAGZFC_78_DELIM-WNHWRABOPIODIJOAGZFC_2018_DELIM-FCGGXNELWSLZAZNOQPVV_7_DELIM-FCGGXNELWSLZAZNOQPVV_02_DELIM-WNHWRABOPIODIJOAGZFC_02_DELIM-WNHWRABOPIODIJOAGZFC_2018_DELIM-FCGGXNELWSLZAZNOQPVV_USA_DELIM-FCGGXNELWSLZAZNOQPVV_M1                                                          1.70%    passed     89.18%
  47  A_DELIM-WNHWRABOPIODIJOAGZFC_Hawaii_DELIM-WNHWRABOPIODIJOAGZFC_18_DELIM-WNHWRABOPIODIJOAGZFC_2018_DELIM-FCGGXNELWSLZAZNOQPVV_7_DELIM-FCGGXNELWSLZAZNOQPVV_02_DELIM-WNHWRABOPIODIJOAGZFC_08_DELIM-WNHWRABOPIODIJOAGZFC_2018_DELIM-FCGGXNELWSLZAZNOQPVV_USA_DELIM-FCGGXNELWSLZAZNOQPVV_M1                                                         1.70%    passed     86.32%
  48  A_DELIM-WNHWRABOPIODIJOAGZFC_swine_DELIM-WNHWRABOPIODIJOAGZFC_Texas_DELIM-WNHWRABOPIODIJOAGZFC_A02245368_DELIM-WNHWRABOPIODIJOAGZFC_2019_DELIM-FCGGXNELWSLZAZNOQPVV_7_DELIM-FCGGXNELWSLZAZNOQPVV_12_DELIM-WNHWRABOPIODIJOAGZFC_19_DELIM-WNHWRABOPIODIJOAGZFC_2019_DELIM-FCGGXNELWSLZAZNOQPVV_USA_DELIM-FCGGXNELWSLZAZNOQPVV_M1                  1.70%    passed     94.30%
  49  A_DELIM-WNHWRABOPIODIJOAGZFC_Canis_lupus_familiaris_DELIM-WNHWRABOPIODIJOAGZFC_USA_DELIM-WNHWRABOPIODIJOAGZFC_006974_DELIM-WNHWRABOPIODIJOAGZFC_2018_DELIM-FCGGXNELWSLZAZNOQPVV_7_DELIM-FCGGXNELWSLZAZNOQPVV_01_DELIM-WNHWRABOPIODIJOAGZFC_17_DELIM-WNHWRABOPIODIJOAGZFC_2018_DELIM-FCGGXNELWSLZAZNOQPVV_USA_DELIM-FCGGXNELWSLZAZNOQPVV_M1     24.02%    passed     18.37%
  50  A_DELIM-WNHWRABOPIODIJOAGZFC_canine_DELIM-WNHWRABOPIODIJOAGZFC_Ontario_DELIM-WNHWRABOPIODIJOAGZFC_NCFAD_2018_070_10_DELIM-WNHWRABOPIODIJOAGZFC_2018_DELIM-FCGGXNELWSLZAZNOQPVV_7_DELIM-FCGGXNELWSLZAZNOQPVV_03_DELIM-WNHWRABOPIODIJOAGZFC_09_DELIM-WNHWRABOPIODIJOAGZFC_2018_DELIM-FCGGXNELWSLZAZNOQPVV_Canada_DELIM-FCGGXNELWSLZAZNOQPVV_M1   24.02%    passed     20.07%
  51  A_DELIM-WNHWRABOPIODIJOAGZFC_canine_DELIM-WNHWRABOPIODIJOAGZFC_Ontario_DELIM-WNHWRABOPIODIJOAGZFC_NCFAD_2018_070_9_DELIM-WNHWRABOPIODIJOAGZFC_2018_DELIM-FCGGXNELWSLZAZNOQPVV_7_DELIM-FCGGXNELWSLZAZNOQPVV_03_DELIM-WNHWRABOPIODIJOAGZFC_02_DELIM-WNHWRABOPIODIJOAGZFC_2018_DELIM-FCGGXNELWSLZAZNOQPVV_Canada_DELIM-FCGGXNELWSLZAZNOQPVV_M1     1.70%    passed     95.17%
****  TOTAL                                                                                                                                                                                                                                                                                                                                          17.86%  0 sequences failed composition chi2 test (p-value<5%; df=3)
NOTE: A_DELIM-WNHWRABOPIODIJOAGZFC_Georgia_DELIM-WNHWRABOPIODIJOAGZFC_12_DELIM-WNHWRABOPIODIJOAGZFC_2019_DELIM-FCGGXNELWSLZAZNOQPVV_7_DELIM-FCGGXNELWSLZAZNOQPVV_02_DELIM-WNHWRABOPIODIJOAGZFC_15_DELIM-WNHWRABOPIODIJOAGZFC_2019_DELIM-FCGGXNELWSLZAZNOQPVV_USA_DELIM-FCGGXNELWSLZAZNOQPVV_M1 is identical to A_DELIM-WNHWRABOPIODIJOAGZFC_Texas_DELIM-WNHWRABOPIODIJOAGZFC_7909_DELIM-WNHWRABOPIODIJOAGZFC_2018_DELIM-FCGGXNELWSLZAZNOQPVV_7_DELIM-FCGGXNELWSLZAZNOQPVV_12_DELIM-WNHWRABOPIODIJOAGZFC_28_DELIM-WNHWRABOPIODIJOAGZFC_2018_DELIM-FCGGXNELWSLZAZNOQPVV_USA_DELIM-FCGGXNELWSLZAZNOQPVV_M1 but kept for subsequent analysis
NOTE: A_DELIM-WNHWRABOPIODIJOAGZFC_Missouri_DELIM-WNHWRABOPIODIJOAGZFC_9695_DELIM-WNHWRABOPIODIJOAGZFC_2019_DELIM-FCGGXNELWSLZAZNOQPVV_7_DELIM-FCGGXNELWSLZAZNOQPVV_04_DELIM-WNHWRABOPIODIJOAGZFC_19_DELIM-WNHWRABOPIODIJOAGZFC_2019_DELIM-FCGGXNELWSLZAZNOQPVV_USA_DELIM-FCGGXNELWSLZAZNOQPVV_M1 is identical to A_DELIM-WNHWRABOPIODIJOAGZFC_Virginia_DELIM-WNHWRABOPIODIJOAGZFC_03_DELIM-WNHWRABOPIODIJOAGZFC_2019_DELIM-FCGGXNELWSLZAZNOQPVV_7_DELIM-FCGGXNELWSLZAZNOQPVV_01_DELIM-WNHWRABOPIODIJOAGZFC_08_DELIM-WNHWRABOPIODIJOAGZFC_2019_DELIM-FCGGXNELWSLZAZNOQPVV_USA_DELIM-FCGGXNELWSLZAZNOQPVV_M1 but kept for subsequent analysis
NOTE: A_DELIM-WNHWRABOPIODIJOAGZFC_Nevada_DELIM-WNHWRABOPIODIJOAGZFC_8293_DELIM-WNHWRABOPIODIJOAGZFC_2019_DELIM-FCGGXNELWSLZAZNOQPVV_7_DELIM-FCGGXNELWSLZAZNOQPVV_01_DELIM-WNHWRABOPIODIJOAGZFC_30_DELIM-WNHWRABOPIODIJOAGZFC_2019_DELIM-FCGGXNELWSLZAZNOQPVV_USA_DELIM-FCGGXNELWSLZAZNOQPVV_M1 is identical to A_DELIM-WNHWRABOPIODIJOAGZFC_Texas_DELIM-WNHWRABOPIODIJOAGZFC_9431_DELIM-WNHWRABOPIODIJOAGZFC_2019_DELIM-FCGGXNELWSLZAZNOQPVV_7_DELIM-FCGGXNELWSLZAZNOQPVV_02_DELIM-WNHWRABOPIODIJOAGZFC_06_DELIM-WNHWRABOPIODIJOAGZFC_2019_DELIM-FCGGXNELWSLZAZNOQPVV_USA_DELIM-FCGGXNELWSLZAZNOQPVV_M1 but kept for subsequent analysis
NOTE: A_DELIM-WNHWRABOPIODIJOAGZFC_Arizona_DELIM-WNHWRABOPIODIJOAGZFC_48_DELIM-WNHWRABOPIODIJOAGZFC_2018_DELIM-FCGGXNELWSLZAZNOQPVV_7_DELIM-FCGGXNELWSLZAZNOQPVV_11_DELIM-WNHWRABOPIODIJOAGZFC_05_DELIM-WNHWRABOPIODIJOAGZFC_2018_DELIM-FCGGXNELWSLZAZNOQPVV_USA_DELIM-FCGGXNELWSLZAZNOQPVV_M1 is identical to A_DELIM-WNHWRABOPIODIJOAGZFC_Guam_DELIM-WNHWRABOPIODIJOAGZFC_7145_DELIM-WNHWRABOPIODIJOAGZFC_2018_DELIM-FCGGXNELWSLZAZNOQPVV_7_DELIM-FCGGXNELWSLZAZNOQPVV_02_DELIM-WNHWRABOPIODIJOAGZFC_15_DELIM-WNHWRABOPIODIJOAGZFC_2018_DELIM-FCGGXNELWSLZAZNOQPVV_Guam_DELIM-FCGGXNELWSLZAZNOQPVV_M1 but kept for subsequent analysis
NOTE: A_DELIM-WNHWRABOPIODIJOAGZFC_California_DELIM-WNHWRABOPIODIJOAGZFC_171_DELIM-WNHWRABOPIODIJOAGZFC_2019_DELIM-FCGGXNELWSLZAZNOQPVV_7_DELIM-FCGGXNELWSLZAZNOQPVV_10_DELIM-WNHWRABOPIODIJOAGZFC_03_DELIM-WNHWRABOPIODIJOAGZFC_2019_DELIM-FCGGXNELWSLZAZNOQPVV_USA_DELIM-FCGGXNELWSLZAZNOQPVV_M1 is identical to A_DELIM-WNHWRABOPIODIJOAGZFC_Victoria_DELIM-WNHWRABOPIODIJOAGZFC_23_DELIM-WNHWRABOPIODIJOAGZFC_2018_DELIM-FCGGXNELWSLZAZNOQPVV_7_DELIM-FCGGXNELWSLZAZNOQPVV_10_DELIM-WNHWRABOPIODIJOAGZFC_01_DELIM-WNHWRABOPIODIJOAGZFC_2018_DELIM-FCGGXNELWSLZAZNOQPVV_Australia_DELIM-FCGGXNELWSLZAZNOQPVV_M1 but kept for subsequent analysis
NOTE: A_DELIM-WNHWRABOPIODIJOAGZFC_Florida_DELIM-WNHWRABOPIODIJOAGZFC_7214_DELIM-WNHWRABOPIODIJOAGZFC_2018_DELIM-FCGGXNELWSLZAZNOQPVV_7_DELIM-FCGGXNELWSLZAZNOQPVV_02_DELIM-WNHWRABOPIODIJOAGZFC_01_DELIM-WNHWRABOPIODIJOAGZFC_2018_DELIM-FCGGXNELWSLZAZNOQPVV_USA_DELIM-FCGGXNELWSLZAZNOQPVV_M1 is identical to A_DELIM-WNHWRABOPIODIJOAGZFC_New_York_DELIM-WNHWRABOPIODIJOAGZFC_PV01480_DELIM-WNHWRABOPIODIJOAGZFC_2018_DELIM-FCGGXNELWSLZAZNOQPVV_7_DELIM-FCGGXNELWSLZAZNOQPVV_2018_DELIM-FCGGXNELWSLZAZNOQPVV_USA_DELIM-FCGGXNELWSLZAZNOQPVV_M1 but kept for subsequent analysis
NOTE: 8 identical sequences (see below) will be ignored for subsequent analysis
NOTE: A_DELIM-WNHWRABOPIODIJOAGZFC_New_York_DELIM-WNHWRABOPIODIJOAGZFC_26_DELIM-WNHWRABOPIODIJOAGZFC_2019_DELIM-FCGGXNELWSLZAZNOQPVV_7_DELIM-FCGGXNELWSLZAZNOQPVV_03_DELIM-WNHWRABOPIODIJOAGZFC_05_DELIM-WNHWRABOPIODIJOAGZFC_2019_DELIM-FCGGXNELWSLZAZNOQPVV_USA_DELIM-FCGGXNELWSLZAZNOQPVV_M1 (identical to A_DELIM-WNHWRABOPIODIJOAGZFC_Texas_DELIM-WNHWRABOPIODIJOAGZFC_7909_DELIM-WNHWRABOPIODIJOAGZFC_2018_DELIM-FCGGXNELWSLZAZNOQPVV_7_DELIM-FCGGXNELWSLZAZNOQPVV_12_DELIM-WNHWRABOPIODIJOAGZFC_28_DELIM-WNHWRABOPIODIJOAGZFC_2018_DELIM-FCGGXNELWSLZAZNOQPVV_USA_DELIM-FCGGXNELWSLZAZNOQPVV_M1) is ignored but added at the end
NOTE: A_DELIM-WNHWRABOPIODIJOAGZFC_Wyoming_DELIM-WNHWRABOPIODIJOAGZFC_17_DELIM-WNHWRABOPIODIJOAGZFC_2019_DELIM-FCGGXNELWSLZAZNOQPVV_7_DELIM-FCGGXNELWSLZAZNOQPVV_03_DELIM-WNHWRABOPIODIJOAGZFC_14_DELIM-WNHWRABOPIODIJOAGZFC_2019_DELIM-FCGGXNELWSLZAZNOQPVV_USA_DELIM-FCGGXNELWSLZAZNOQPVV_M1 (identical to A_DELIM-WNHWRABOPIODIJOAGZFC_Virginia_DELIM-WNHWRABOPIODIJOAGZFC_03_DELIM-WNHWRABOPIODIJOAGZFC_2019_DELIM-FCGGXNELWSLZAZNOQPVV_7_DELIM-FCGGXNELWSLZAZNOQPVV_01_DELIM-WNHWRABOPIODIJOAGZFC_08_DELIM-WNHWRABOPIODIJOAGZFC_2019_DELIM-FCGGXNELWSLZAZNOQPVV_USA_DELIM-FCGGXNELWSLZAZNOQPVV_M1) is ignored but added at the end
NOTE: A_DELIM-WNHWRABOPIODIJOAGZFC_Connecticut_DELIM-WNHWRABOPIODIJOAGZFC_15_DELIM-WNHWRABOPIODIJOAGZFC_2019_DELIM-FCGGXNELWSLZAZNOQPVV_7_DELIM-FCGGXNELWSLZAZNOQPVV_02_DELIM-WNHWRABOPIODIJOAGZFC_17_DELIM-WNHWRABOPIODIJOAGZFC_2019_DELIM-FCGGXNELWSLZAZNOQPVV_USA_DELIM-FCGGXNELWSLZAZNOQPVV_M1 (identical to A_DELIM-WNHWRABOPIODIJOAGZFC_Guam_DELIM-WNHWRABOPIODIJOAGZFC_7145_DELIM-WNHWRABOPIODIJOAGZFC_2018_DELIM-FCGGXNELWSLZAZNOQPVV_7_DELIM-FCGGXNELWSLZAZNOQPVV_02_DELIM-WNHWRABOPIODIJOAGZFC_15_DELIM-WNHWRABOPIODIJOAGZFC_2018_DELIM-FCGGXNELWSLZAZNOQPVV_Guam_DELIM-FCGGXNELWSLZAZNOQPVV_M1) is ignored but added at the end
NOTE: A_DELIM-WNHWRABOPIODIJOAGZFC_Montana_DELIM-WNHWRABOPIODIJOAGZFC_68_DELIM-WNHWRABOPIODIJOAGZFC_2019_DELIM-FCGGXNELWSLZAZNOQPVV_7_DELIM-FCGGXNELWSLZAZNOQPVV_12_DELIM-WNHWRABOPIODIJOAGZFC_25_DELIM-WNHWRABOPIODIJOAGZFC_2019_DELIM-FCGGXNELWSLZAZNOQPVV_USA_DELIM-FCGGXNELWSLZAZNOQPVV_M1 (identical to A_DELIM-WNHWRABOPIODIJOAGZFC_Victoria_DELIM-WNHWRABOPIODIJOAGZFC_23_DELIM-WNHWRABOPIODIJOAGZFC_2018_DELIM-FCGGXNELWSLZAZNOQPVV_7_DELIM-FCGGXNELWSLZAZNOQPVV_10_DELIM-WNHWRABOPIODIJOAGZFC_01_DELIM-WNHWRABOPIODIJOAGZFC_2018_DELIM-FCGGXNELWSLZAZNOQPVV_Australia_DELIM-FCGGXNELWSLZAZNOQPVV_M1) is ignored but added at the end
NOTE: A_DELIM-WNHWRABOPIODIJOAGZFC_South_Korea_DELIM-WNHWRABOPIODIJOAGZFC_8674_DELIM-WNHWRABOPIODIJOAGZFC_2019_DELIM-FCGGXNELWSLZAZNOQPVV_7_DELIM-FCGGXNELWSLZAZNOQPVV_01_DELIM-WNHWRABOPIODIJOAGZFC_10_DELIM-WNHWRABOPIODIJOAGZFC_2019_DELIM-FCGGXNELWSLZAZNOQPVV_South_Korea_DELIM-FCGGXNELWSLZAZNOQPVV_M1 (identical to A_DELIM-WNHWRABOPIODIJOAGZFC_Victoria_DELIM-WNHWRABOPIODIJOAGZFC_23_DELIM-WNHWRABOPIODIJOAGZFC_2018_DELIM-FCGGXNELWSLZAZNOQPVV_7_DELIM-FCGGXNELWSLZAZNOQPVV_10_DELIM-WNHWRABOPIODIJOAGZFC_01_DELIM-WNHWRABOPIODIJOAGZFC_2018_DELIM-FCGGXNELWSLZAZNOQPVV_Australia_DELIM-FCGGXNELWSLZAZNOQPVV_M1) is ignored but added at the end
NOTE: A_DELIM-WNHWRABOPIODIJOAGZFC_Georgia_DELIM-WNHWRABOPIODIJOAGZFC_01_DELIM-WNHWRABOPIODIJOAGZFC_2018_DELIM-FCGGXNELWSLZAZNOQPVV_7_DELIM-FCGGXNELWSLZAZNOQPVV_01_DELIM-WNHWRABOPIODIJOAGZFC_02_DELIM-WNHWRABOPIODIJOAGZFC_2018_DELIM-FCGGXNELWSLZAZNOQPVV_USA_DELIM-FCGGXNELWSLZAZNOQPVV_M1 (identical to A_DELIM-WNHWRABOPIODIJOAGZFC_New_York_DELIM-WNHWRABOPIODIJOAGZFC_PV01480_DELIM-WNHWRABOPIODIJOAGZFC_2018_DELIM-FCGGXNELWSLZAZNOQPVV_7_DELIM-FCGGXNELWSLZAZNOQPVV_2018_DELIM-FCGGXNELWSLZAZNOQPVV_USA_DELIM-FCGGXNELWSLZAZNOQPVV_M1) is ignored but added at the end
NOTE: A_DELIM-WNHWRABOPIODIJOAGZFC_California_DELIM-WNHWRABOPIODIJOAGZFC_10_DELIM-WNHWRABOPIODIJOAGZFC_2018_DELIM-FCGGXNELWSLZAZNOQPVV_7_DELIM-FCGGXNELWSLZAZNOQPVV_01_DELIM-WNHWRABOPIODIJOAGZFC_09_DELIM-WNHWRABOPIODIJOAGZFC_2018_DELIM-FCGGXNELWSLZAZNOQPVV_USA_DELIM-FCGGXNELWSLZAZNOQPVV_M1 (identical to A_DELIM-WNHWRABOPIODIJOAGZFC_New_York_DELIM-WNHWRABOPIODIJOAGZFC_PV01480_DELIM-WNHWRABOPIODIJOAGZFC_2018_DELIM-FCGGXNELWSLZAZNOQPVV_7_DELIM-FCGGXNELWSLZAZNOQPVV_2018_DELIM-FCGGXNELWSLZAZNOQPVV_USA_DELIM-FCGGXNELWSLZAZNOQPVV_M1) is ignored but added at the end
NOTE: A_DELIM-WNHWRABOPIODIJOAGZFC_Alabama_DELIM-WNHWRABOPIODIJOAGZFC_26_DELIM-WNHWRABOPIODIJOAGZFC_2018_DELIM-FCGGXNELWSLZAZNOQPVV_7_DELIM-FCGGXNELWSLZAZNOQPVV_02_DELIM-WNHWRABOPIODIJOAGZFC_09_DELIM-WNHWRABOPIODIJOAGZFC_2018_DELIM-FCGGXNELWSLZAZNOQPVV_USA_DELIM-FCGGXNELWSLZAZNOQPVV_M1 (identical to A_DELIM-WNHWRABOPIODIJOAGZFC_New_York_DELIM-WNHWRABOPIODIJOAGZFC_PV01480_DELIM-WNHWRABOPIODIJOAGZFC_2018_DELIM-FCGGXNELWSLZAZNOQPVV_7_DELIM-FCGGXNELWSLZAZNOQPVV_2018_DELIM-FCGGXNELWSLZAZNOQPVV_USA_DELIM-FCGGXNELWSLZAZNOQPVV_M1) is ignored but added at the end

For your convenience alignment with unique sequences printed to results/aligned-delim.fasta.uniqueseq.phy

Create initial parsimony tree by phylogenetic likelihood library (PLL)... 0.001 seconds

NOTE: 0 MB RAM (0 GB) is required!
Estimate model parameters (epsilon = 0.500)
1. Initial log-likelihood: -2815.163
2. Current log-likelihood: -2644.447
Optimal log-likelihood: -2644.247
Rate parameters:  A-C: 1.30115  A-G: 6.97117  A-T: 1.16077  C-G: 0.00010  C-T: 8.19488  G-T: 1.00000
Base frequencies:  A: 0.287  C: 0.213  G: 0.265  T: 0.234
Parameters optimization took 2 rounds (0.012 sec)
Computing ML distances based on estimated model parameters... 0.002 sec
Computing BIONJ tree...
0.001 seconds
Log-likelihood of BIONJ tree: -2648.792
--------------------------------------------------------------------
|             INITIALIZING CANDIDATE TREE SET                      |
--------------------------------------------------------------------

Do NNI search on 2 best initial trees
BETTER TREE FOUND at iteration 1: -2644.238
Finish initializing candidate tree set (4)
Current best tree score: -2644.238 / CPU time: 0.010
Number of iterations: 2
TREE SEARCH COMPLETED AFTER 2 ITERATIONS / Time: 0h:0m:0s

--------------------------------------------------------------------
|                    FINALIZING TREE SEARCH                        |
--------------------------------------------------------------------
Performs final model parameters optimization
Estimate model parameters (epsilon = 0.050)
1. Initial log-likelihood: -2644.238
Optimal log-likelihood: -2644.238
Rate parameters:  A-C: 1.29840  A-G: 6.97247  A-T: 1.16040  C-G: 0.00010  C-T: 8.19829  G-T: 1.00000
Base frequencies:  A: 0.287  C: 0.213  G: 0.265  T: 0.234
Parameters optimization took 1 rounds (0.003 sec)
BEST SCORE FOUND : -2644.238
Total tree length: 0.284

Total number of iterations: 2
CPU time used for tree search: 0.010 sec (0h:0m:0s)
Wall-clock time used for tree search: 0.010 sec (0h:0m:0s)
Total CPU time used: 0.035 sec (0h:0m:0s)
Total wall-clock time used: 0.036 sec (0h:0m:0s)

Analysis results written to: 
  IQ-TREE report:                results/aligned-delim.fasta.iqtree
  Maximum-likelihood tree:       results/aligned-delim.fasta.treefile
  Likelihood distances:          results/aligned-delim.fasta.mldist
  Screen log file:               results/aligned-delim.fasta.log

Date and Time: Mon Sep  5 00:31:43 2022
