IQ-TREE multicore version 1.6.12 for Mac OS X 64-bit built Aug 15 2019
Developed by Bui Quang Minh, Nguyen Lam Tung, Olga Chernomor,
Heiko Schmidt, Dominik Schrempf, Michael Woodhams.

Host:    Rasmuss-MacBook-Air.local (SSE4.2, 16 GB RAM)
Command: iqtree -nt 1 -s results/aligned-delim.fasta -m GTR -ninit 2 -n 2 -me 0.05
Seed:    134544 (Using SPRNG - Scalable Parallel Random Number Generator)
Time:    Sun Sep  4 19:23:36 2022
Kernel:  SSE2 - 1 threads (8 CPU cores detected)

HINT: Use -nt option to specify number of threads because your CPU has 8 cores!
HINT: -nt AUTO will automatically determine the best number of threads to use.

Reading alignment file results/aligned-delim.fasta ... Fasta format detected
Alignment most likely contains DNA/RNA sequences
Alignment has 51 sequences with 1432 columns, 171 distinct patterns
88 parsimony-informative, 109 singleton sites, 1235 constant sites
                                                                                                                                                                                                                                                                                                 Gap/Ambiguity  Composition  p-value
   1  CY121682.1                                                                                                                                                                                                                                                                                         0.00%    passed     99.56%
   2  A_DELIM-MGZZXLXMXDEXBYGGIYDS_Florida_DELIM-MGZZXLXMXDEXBYGGIYDS_81_DELIM-MGZZXLXMXDEXBYGGIYDS_2018_DELIM-AJWTJJUFFTOYYZJOBTBY_6_DELIM-AJWTJJUFFTOYYZJOBTBY_08_DELIM-MGZZXLXMXDEXBYGGIYDS_30_DELIM-MGZZXLXMXDEXBYGGIYDS_2018_DELIM-AJWTJJUFFTOYYZJOBTBY_USA_DELIM-AJWTJJUFFTOYYZJOBTBY_NA           0.07%    passed     99.96%
   3  A_DELIM-MGZZXLXMXDEXBYGGIYDS_Virginia_DELIM-MGZZXLXMXDEXBYGGIYDS_18_DELIM-MGZZXLXMXDEXBYGGIYDS_2018_DELIM-AJWTJJUFFTOYYZJOBTBY_6_DELIM-AJWTJJUFFTOYYZJOBTBY_02_DELIM-MGZZXLXMXDEXBYGGIYDS_14_DELIM-MGZZXLXMXDEXBYGGIYDS_2018_DELIM-AJWTJJUFFTOYYZJOBTBY_USA_DELIM-AJWTJJUFFTOYYZJOBTBY_NA          0.00%    passed     99.98%
   4  A_DELIM-MGZZXLXMXDEXBYGGIYDS_Florida_DELIM-MGZZXLXMXDEXBYGGIYDS_48_DELIM-MGZZXLXMXDEXBYGGIYDS_2018_DELIM-AJWTJJUFFTOYYZJOBTBY_6_DELIM-AJWTJJUFFTOYYZJOBTBY_04_DELIM-MGZZXLXMXDEXBYGGIYDS_03_DELIM-MGZZXLXMXDEXBYGGIYDS_2018_DELIM-AJWTJJUFFTOYYZJOBTBY_USA_DELIM-AJWTJJUFFTOYYZJOBTBY_NA           0.00%    passed     98.78%
   5  A_DELIM-MGZZXLXMXDEXBYGGIYDS_Alaska_DELIM-MGZZXLXMXDEXBYGGIYDS_17_DELIM-MGZZXLXMXDEXBYGGIYDS_2019_DELIM-AJWTJJUFFTOYYZJOBTBY_6_DELIM-AJWTJJUFFTOYYZJOBTBY_02_DELIM-MGZZXLXMXDEXBYGGIYDS_13_DELIM-MGZZXLXMXDEXBYGGIYDS_2019_DELIM-AJWTJJUFFTOYYZJOBTBY_USA_DELIM-AJWTJJUFFTOYYZJOBTBY_NA            0.00%    passed     99.81%
   6  A_DELIM-MGZZXLXMXDEXBYGGIYDS_Pennsylvania_DELIM-MGZZXLXMXDEXBYGGIYDS_517_DELIM-MGZZXLXMXDEXBYGGIYDS_2018_DELIM-AJWTJJUFFTOYYZJOBTBY_6_DELIM-AJWTJJUFFTOYYZJOBTBY_11_DELIM-MGZZXLXMXDEXBYGGIYDS_11_DELIM-MGZZXLXMXDEXBYGGIYDS_2018_DELIM-AJWTJJUFFTOYYZJOBTBY_USA_DELIM-AJWTJJUFFTOYYZJOBTBY_NA     0.00%    passed     99.59%
   7  A_DELIM-MGZZXLXMXDEXBYGGIYDS_Iowa_DELIM-MGZZXLXMXDEXBYGGIYDS_52_DELIM-MGZZXLXMXDEXBYGGIYDS_2017_DELIM-AJWTJJUFFTOYYZJOBTBY_6_DELIM-AJWTJJUFFTOYYZJOBTBY_12_DELIM-MGZZXLXMXDEXBYGGIYDS_25_DELIM-MGZZXLXMXDEXBYGGIYDS_2017_DELIM-AJWTJJUFFTOYYZJOBTBY_USA_DELIM-AJWTJJUFFTOYYZJOBTBY_NA              0.00%    passed     99.90%
   8  A_DELIM-MGZZXLXMXDEXBYGGIYDS_Arizona_DELIM-MGZZXLXMXDEXBYGGIYDS_19_DELIM-MGZZXLXMXDEXBYGGIYDS_2018_DELIM-AJWTJJUFFTOYYZJOBTBY_6_DELIM-AJWTJJUFFTOYYZJOBTBY_03_DELIM-MGZZXLXMXDEXBYGGIYDS_06_DELIM-MGZZXLXMXDEXBYGGIYDS_2018_DELIM-AJWTJJUFFTOYYZJOBTBY_USA_DELIM-AJWTJJUFFTOYYZJOBTBY_NA           0.00%    passed     99.98%
   9  A_DELIM-MGZZXLXMXDEXBYGGIYDS_Colorado_DELIM-MGZZXLXMXDEXBYGGIYDS_19_DELIM-MGZZXLXMXDEXBYGGIYDS_2018_DELIM-AJWTJJUFFTOYYZJOBTBY_6_DELIM-AJWTJJUFFTOYYZJOBTBY_03_DELIM-MGZZXLXMXDEXBYGGIYDS_11_DELIM-MGZZXLXMXDEXBYGGIYDS_2018_DELIM-AJWTJJUFFTOYYZJOBTBY_USA_DELIM-AJWTJJUFFTOYYZJOBTBY_NA          0.00%    passed     99.97%
  10  A_DELIM-MGZZXLXMXDEXBYGGIYDS_Nebraska_DELIM-MGZZXLXMXDEXBYGGIYDS_05_DELIM-MGZZXLXMXDEXBYGGIYDS_2018_DELIM-AJWTJJUFFTOYYZJOBTBY_6_DELIM-AJWTJJUFFTOYYZJOBTBY_01_DELIM-MGZZXLXMXDEXBYGGIYDS_22_DELIM-MGZZXLXMXDEXBYGGIYDS_2018_DELIM-AJWTJJUFFTOYYZJOBTBY_USA_DELIM-AJWTJJUFFTOYYZJOBTBY_NA          0.00%    passed     99.92%
  11  A_DELIM-MGZZXLXMXDEXBYGGIYDS_Connecticut_DELIM-MGZZXLXMXDEXBYGGIYDS_31_DELIM-MGZZXLXMXDEXBYGGIYDS_2017_DELIM-AJWTJJUFFTOYYZJOBTBY_6_DELIM-AJWTJJUFFTOYYZJOBTBY_10_DELIM-MGZZXLXMXDEXBYGGIYDS_07_DELIM-MGZZXLXMXDEXBYGGIYDS_2017_DELIM-AJWTJJUFFTOYYZJOBTBY_USA_DELIM-AJWTJJUFFTOYYZJOBTBY_NA       0.00%    passed     99.81%
  12  A_DELIM-MGZZXLXMXDEXBYGGIYDS_Washington_DELIM-MGZZXLXMXDEXBYGGIYDS_50_DELIM-MGZZXLXMXDEXBYGGIYDS_2018_DELIM-AJWTJJUFFTOYYZJOBTBY_6_DELIM-AJWTJJUFFTOYYZJOBTBY_02_DELIM-MGZZXLXMXDEXBYGGIYDS_12_DELIM-MGZZXLXMXDEXBYGGIYDS_2018_DELIM-AJWTJJUFFTOYYZJOBTBY_USA_DELIM-AJWTJJUFFTOYYZJOBTBY_NA        0.00%    passed     99.97%
  13  A_DELIM-MGZZXLXMXDEXBYGGIYDS_Idaho_DELIM-MGZZXLXMXDEXBYGGIYDS_21_DELIM-MGZZXLXMXDEXBYGGIYDS_2018_DELIM-AJWTJJUFFTOYYZJOBTBY_6_DELIM-AJWTJJUFFTOYYZJOBTBY_04_DELIM-MGZZXLXMXDEXBYGGIYDS_24_DELIM-MGZZXLXMXDEXBYGGIYDS_2018_DELIM-AJWTJJUFFTOYYZJOBTBY_USA_DELIM-AJWTJJUFFTOYYZJOBTBY_NA             0.00%    passed     99.87%
  14  A_DELIM-MGZZXLXMXDEXBYGGIYDS_Wyoming_DELIM-MGZZXLXMXDEXBYGGIYDS_07_DELIM-MGZZXLXMXDEXBYGGIYDS_2019_DELIM-AJWTJJUFFTOYYZJOBTBY_6_DELIM-AJWTJJUFFTOYYZJOBTBY_02_DELIM-MGZZXLXMXDEXBYGGIYDS_04_DELIM-MGZZXLXMXDEXBYGGIYDS_2019_DELIM-AJWTJJUFFTOYYZJOBTBY_USA_DELIM-AJWTJJUFFTOYYZJOBTBY_NA           0.00%    passed     99.93%
  15  A_DELIM-MGZZXLXMXDEXBYGGIYDS_Rhode_Island_DELIM-MGZZXLXMXDEXBYGGIYDS_22_DELIM-MGZZXLXMXDEXBYGGIYDS_2019_DELIM-AJWTJJUFFTOYYZJOBTBY_6_DELIM-AJWTJJUFFTOYYZJOBTBY_04_DELIM-MGZZXLXMXDEXBYGGIYDS_01_DELIM-MGZZXLXMXDEXBYGGIYDS_2019_DELIM-AJWTJJUFFTOYYZJOBTBY_USA_DELIM-AJWTJJUFFTOYYZJOBTBY_NA      0.00%    passed     99.48%
  16  A_DELIM-MGZZXLXMXDEXBYGGIYDS_Nevada_DELIM-MGZZXLXMXDEXBYGGIYDS_01_DELIM-MGZZXLXMXDEXBYGGIYDS_2018_DELIM-AJWTJJUFFTOYYZJOBTBY_6_DELIM-AJWTJJUFFTOYYZJOBTBY_03_DELIM-MGZZXLXMXDEXBYGGIYDS_18_DELIM-MGZZXLXMXDEXBYGGIYDS_2018_DELIM-AJWTJJUFFTOYYZJOBTBY_USA_DELIM-AJWTJJUFFTOYYZJOBTBY_NA            0.00%    passed     99.81%
  17  A_DELIM-MGZZXLXMXDEXBYGGIYDS_Delaware_DELIM-MGZZXLXMXDEXBYGGIYDS_13_DELIM-MGZZXLXMXDEXBYGGIYDS_2019_DELIM-AJWTJJUFFTOYYZJOBTBY_6_DELIM-AJWTJJUFFTOYYZJOBTBY_02_DELIM-MGZZXLXMXDEXBYGGIYDS_05_DELIM-MGZZXLXMXDEXBYGGIYDS_2019_DELIM-AJWTJJUFFTOYYZJOBTBY_USA_DELIM-AJWTJJUFFTOYYZJOBTBY_NA          0.00%    passed     99.95%
  18  A_DELIM-MGZZXLXMXDEXBYGGIYDS_West_Virginia_DELIM-MGZZXLXMXDEXBYGGIYDS_22_DELIM-MGZZXLXMXDEXBYGGIYDS_2019_DELIM-AJWTJJUFFTOYYZJOBTBY_6_DELIM-AJWTJJUFFTOYYZJOBTBY_03_DELIM-MGZZXLXMXDEXBYGGIYDS_10_DELIM-MGZZXLXMXDEXBYGGIYDS_2019_DELIM-AJWTJJUFFTOYYZJOBTBY_USA_DELIM-AJWTJJUFFTOYYZJOBTBY_NA     0.00%    passed     99.97%
  19  A_DELIM-MGZZXLXMXDEXBYGGIYDS_Idaho_DELIM-MGZZXLXMXDEXBYGGIYDS_07_DELIM-MGZZXLXMXDEXBYGGIYDS_2019_DELIM-AJWTJJUFFTOYYZJOBTBY_6_DELIM-AJWTJJUFFTOYYZJOBTBY_01_DELIM-MGZZXLXMXDEXBYGGIYDS_31_DELIM-MGZZXLXMXDEXBYGGIYDS_2019_DELIM-AJWTJJUFFTOYYZJOBTBY_USA_DELIM-AJWTJJUFFTOYYZJOBTBY_NA             0.00%    passed     99.72%
  20  A_DELIM-MGZZXLXMXDEXBYGGIYDS_California_DELIM-MGZZXLXMXDEXBYGGIYDS_82_DELIM-MGZZXLXMXDEXBYGGIYDS_2018_DELIM-AJWTJJUFFTOYYZJOBTBY_6_DELIM-AJWTJJUFFTOYYZJOBTBY_11_DELIM-MGZZXLXMXDEXBYGGIYDS_16_DELIM-MGZZXLXMXDEXBYGGIYDS_2018_DELIM-AJWTJJUFFTOYYZJOBTBY_USA_DELIM-AJWTJJUFFTOYYZJOBTBY_NA        0.14%    passed     99.16%
  21  A_DELIM-MGZZXLXMXDEXBYGGIYDS_Pennsylvania_DELIM-MGZZXLXMXDEXBYGGIYDS_505_DELIM-MGZZXLXMXDEXBYGGIYDS_2018_DELIM-AJWTJJUFFTOYYZJOBTBY_6_DELIM-AJWTJJUFFTOYYZJOBTBY_11_DELIM-MGZZXLXMXDEXBYGGIYDS_06_DELIM-MGZZXLXMXDEXBYGGIYDS_2018_DELIM-AJWTJJUFFTOYYZJOBTBY_USA_DELIM-AJWTJJUFFTOYYZJOBTBY_NA     0.00%    passed     99.07%
  22  A_DELIM-MGZZXLXMXDEXBYGGIYDS_Wisconsin_DELIM-MGZZXLXMXDEXBYGGIYDS_352_DELIM-MGZZXLXMXDEXBYGGIYDS_2017_DELIM-AJWTJJUFFTOYYZJOBTBY_6_DELIM-AJWTJJUFFTOYYZJOBTBY_12_DELIM-MGZZXLXMXDEXBYGGIYDS_19_DELIM-MGZZXLXMXDEXBYGGIYDS_2017_DELIM-AJWTJJUFFTOYYZJOBTBY_USA_DELIM-AJWTJJUFFTOYYZJOBTBY_NA        0.00%    passed     98.93%
  23  A_DELIM-MGZZXLXMXDEXBYGGIYDS_Nevada_DELIM-MGZZXLXMXDEXBYGGIYDS_29_DELIM-MGZZXLXMXDEXBYGGIYDS_2019_DELIM-AJWTJJUFFTOYYZJOBTBY_6_DELIM-AJWTJJUFFTOYYZJOBTBY_05_DELIM-MGZZXLXMXDEXBYGGIYDS_17_DELIM-MGZZXLXMXDEXBYGGIYDS_2019_DELIM-AJWTJJUFFTOYYZJOBTBY_USA_DELIM-AJWTJJUFFTOYYZJOBTBY_NA            0.00%    passed     99.70%
  24  A_DELIM-MGZZXLXMXDEXBYGGIYDS_Louisiana_DELIM-MGZZXLXMXDEXBYGGIYDS_05_DELIM-MGZZXLXMXDEXBYGGIYDS_2019_DELIM-AJWTJJUFFTOYYZJOBTBY_6_DELIM-AJWTJJUFFTOYYZJOBTBY_01_DELIM-MGZZXLXMXDEXBYGGIYDS_17_DELIM-MGZZXLXMXDEXBYGGIYDS_2019_DELIM-AJWTJJUFFTOYYZJOBTBY_USA_DELIM-AJWTJJUFFTOYYZJOBTBY_NA         0.00%    passed     99.10%
  25  A_DELIM-MGZZXLXMXDEXBYGGIYDS_California_DELIM-MGZZXLXMXDEXBYGGIYDS_115_DELIM-MGZZXLXMXDEXBYGGIYDS_2019_DELIM-AJWTJJUFFTOYYZJOBTBY_6_DELIM-AJWTJJUFFTOYYZJOBTBY_03_DELIM-MGZZXLXMXDEXBYGGIYDS_01_DELIM-MGZZXLXMXDEXBYGGIYDS_2019_DELIM-AJWTJJUFFTOYYZJOBTBY_USA_DELIM-AJWTJJUFFTOYYZJOBTBY_NA       0.00%    passed     98.83%
  26  A_DELIM-MGZZXLXMXDEXBYGGIYDS_California_DELIM-MGZZXLXMXDEXBYGGIYDS_228_DELIM-MGZZXLXMXDEXBYGGIYDS_2019_DELIM-AJWTJJUFFTOYYZJOBTBY_6_DELIM-AJWTJJUFFTOYYZJOBTBY_12_DELIM-MGZZXLXMXDEXBYGGIYDS_05_DELIM-MGZZXLXMXDEXBYGGIYDS_2019_DELIM-AJWTJJUFFTOYYZJOBTBY_USA_DELIM-AJWTJJUFFTOYYZJOBTBY_NA       0.00%    passed     97.89%
  27  A_DELIM-MGZZXLXMXDEXBYGGIYDS_New_Hampshire_DELIM-MGZZXLXMXDEXBYGGIYDS_38_DELIM-MGZZXLXMXDEXBYGGIYDS_2019_DELIM-AJWTJJUFFTOYYZJOBTBY_6_DELIM-AJWTJJUFFTOYYZJOBTBY_12_DELIM-MGZZXLXMXDEXBYGGIYDS_14_DELIM-MGZZXLXMXDEXBYGGIYDS_2019_DELIM-AJWTJJUFFTOYYZJOBTBY_USA_DELIM-AJWTJJUFFTOYYZJOBTBY_NA     0.00%    passed     96.85%
  28  A_DELIM-MGZZXLXMXDEXBYGGIYDS_Oregon_DELIM-MGZZXLXMXDEXBYGGIYDS_08_DELIM-MGZZXLXMXDEXBYGGIYDS_2020_DELIM-AJWTJJUFFTOYYZJOBTBY_6_DELIM-AJWTJJUFFTOYYZJOBTBY_02_DELIM-MGZZXLXMXDEXBYGGIYDS_11_DELIM-MGZZXLXMXDEXBYGGIYDS_2020_DELIM-AJWTJJUFFTOYYZJOBTBY_USA_DELIM-AJWTJJUFFTOYYZJOBTBY_NA            0.00%    passed     99.25%
  29  A_DELIM-MGZZXLXMXDEXBYGGIYDS_Oklahoma_DELIM-MGZZXLXMXDEXBYGGIYDS_05_DELIM-MGZZXLXMXDEXBYGGIYDS_2020_DELIM-AJWTJJUFFTOYYZJOBTBY_6_DELIM-AJWTJJUFFTOYYZJOBTBY_02_DELIM-MGZZXLXMXDEXBYGGIYDS_09_DELIM-MGZZXLXMXDEXBYGGIYDS_2020_DELIM-AJWTJJUFFTOYYZJOBTBY_USA_DELIM-AJWTJJUFFTOYYZJOBTBY_NA          0.00%    passed     99.61%
  30  A_DELIM-MGZZXLXMXDEXBYGGIYDS_Nevada_DELIM-MGZZXLXMXDEXBYGGIYDS_20_DELIM-MGZZXLXMXDEXBYGGIYDS_2020_DELIM-AJWTJJUFFTOYYZJOBTBY_6_DELIM-AJWTJJUFFTOYYZJOBTBY_03_DELIM-MGZZXLXMXDEXBYGGIYDS_09_DELIM-MGZZXLXMXDEXBYGGIYDS_2020_DELIM-AJWTJJUFFTOYYZJOBTBY_USA_DELIM-AJWTJJUFFTOYYZJOBTBY_NA            0.00%    passed     99.44%
  31  A_DELIM-MGZZXLXMXDEXBYGGIYDS_California_DELIM-MGZZXLXMXDEXBYGGIYDS_224_DELIM-MGZZXLXMXDEXBYGGIYDS_2019_DELIM-AJWTJJUFFTOYYZJOBTBY_6_DELIM-AJWTJJUFFTOYYZJOBTBY_11_DELIM-MGZZXLXMXDEXBYGGIYDS_27_DELIM-MGZZXLXMXDEXBYGGIYDS_2019_DELIM-AJWTJJUFFTOYYZJOBTBY_USA_DELIM-AJWTJJUFFTOYYZJOBTBY_NA       0.00%    passed     99.83%
  32  A_DELIM-MGZZXLXMXDEXBYGGIYDS_New_Mexico_DELIM-MGZZXLXMXDEXBYGGIYDS_8027_DELIM-MGZZXLXMXDEXBYGGIYDS_2019_DELIM-AJWTJJUFFTOYYZJOBTBY_6_DELIM-AJWTJJUFFTOYYZJOBTBY_01_DELIM-MGZZXLXMXDEXBYGGIYDS_11_DELIM-MGZZXLXMXDEXBYGGIYDS_2019_DELIM-AJWTJJUFFTOYYZJOBTBY_USA_DELIM-AJWTJJUFFTOYYZJOBTBY_NA      1.54%    passed    100.00%
  33  A_DELIM-MGZZXLXMXDEXBYGGIYDS_Colorado_DELIM-MGZZXLXMXDEXBYGGIYDS_7679_DELIM-MGZZXLXMXDEXBYGGIYDS_2018_DELIM-AJWTJJUFFTOYYZJOBTBY_6_DELIM-AJWTJJUFFTOYYZJOBTBY_12_DELIM-MGZZXLXMXDEXBYGGIYDS_20_DELIM-MGZZXLXMXDEXBYGGIYDS_2018_DELIM-AJWTJJUFFTOYYZJOBTBY_USA_DELIM-AJWTJJUFFTOYYZJOBTBY_NA        1.54%    passed     99.58%
  34  A_DELIM-MGZZXLXMXDEXBYGGIYDS_Texas_DELIM-MGZZXLXMXDEXBYGGIYDS_7429_DELIM-MGZZXLXMXDEXBYGGIYDS_2018_DELIM-AJWTJJUFFTOYYZJOBTBY_6_DELIM-AJWTJJUFFTOYYZJOBTBY_01_DELIM-MGZZXLXMXDEXBYGGIYDS_06_DELIM-MGZZXLXMXDEXBYGGIYDS_2018_DELIM-AJWTJJUFFTOYYZJOBTBY_USA_DELIM-AJWTJJUFFTOYYZJOBTBY_NA           1.54%    passed     99.91%
  35  A_DELIM-MGZZXLXMXDEXBYGGIYDS_New_Jersey_DELIM-MGZZXLXMXDEXBYGGIYDS_9387_DELIM-MGZZXLXMXDEXBYGGIYDS_2019_DELIM-AJWTJJUFFTOYYZJOBTBY_6_DELIM-AJWTJJUFFTOYYZJOBTBY_04_DELIM-MGZZXLXMXDEXBYGGIYDS_03_DELIM-MGZZXLXMXDEXBYGGIYDS_2019_DELIM-AJWTJJUFFTOYYZJOBTBY_USA_DELIM-AJWTJJUFFTOYYZJOBTBY_NA      1.54%    passed     98.62%
  36  A_DELIM-MGZZXLXMXDEXBYGGIYDS_Italy_DELIM-MGZZXLXMXDEXBYGGIYDS_8943_DELIM-MGZZXLXMXDEXBYGGIYDS_2019_DELIM-AJWTJJUFFTOYYZJOBTBY_6_DELIM-AJWTJJUFFTOYYZJOBTBY_01_DELIM-MGZZXLXMXDEXBYGGIYDS_25_DELIM-MGZZXLXMXDEXBYGGIYDS_2019_DELIM-AJWTJJUFFTOYYZJOBTBY_Italy_DELIM-AJWTJJUFFTOYYZJOBTBY_NA         1.54%    passed     99.87%
  37  A_DELIM-MGZZXLXMXDEXBYGGIYDS_Japan_DELIM-MGZZXLXMXDEXBYGGIYDS_7845_DELIM-MGZZXLXMXDEXBYGGIYDS_2018_DELIM-AJWTJJUFFTOYYZJOBTBY_6_DELIM-AJWTJJUFFTOYYZJOBTBY_12_DELIM-MGZZXLXMXDEXBYGGIYDS_28_DELIM-MGZZXLXMXDEXBYGGIYDS_2018_DELIM-AJWTJJUFFTOYYZJOBTBY_Japan_DELIM-AJWTJJUFFTOYYZJOBTBY_NA         1.54%    passed    100.00%
  38  A_DELIM-MGZZXLXMXDEXBYGGIYDS_Ohio_DELIM-MGZZXLXMXDEXBYGGIYDS_8047_DELIM-MGZZXLXMXDEXBYGGIYDS_2019_DELIM-AJWTJJUFFTOYYZJOBTBY_6_DELIM-AJWTJJUFFTOYYZJOBTBY_01_DELIM-MGZZXLXMXDEXBYGGIYDS_16_DELIM-MGZZXLXMXDEXBYGGIYDS_2019_DELIM-AJWTJJUFFTOYYZJOBTBY_USA_DELIM-AJWTJJUFFTOYYZJOBTBY_NA            1.54%    passed     99.91%
  39  A_DELIM-MGZZXLXMXDEXBYGGIYDS_Missouri_DELIM-MGZZXLXMXDEXBYGGIYDS_8775_DELIM-MGZZXLXMXDEXBYGGIYDS_2019_DELIM-AJWTJJUFFTOYYZJOBTBY_6_DELIM-AJWTJJUFFTOYYZJOBTBY_02_DELIM-MGZZXLXMXDEXBYGGIYDS_28_DELIM-MGZZXLXMXDEXBYGGIYDS_2019_DELIM-AJWTJJUFFTOYYZJOBTBY_USA_DELIM-AJWTJJUFFTOYYZJOBTBY_NA        1.54%    passed     99.97%
  40  A_DELIM-MGZZXLXMXDEXBYGGIYDS_Germany_DELIM-MGZZXLXMXDEXBYGGIYDS_9675_DELIM-MGZZXLXMXDEXBYGGIYDS_2019_DELIM-AJWTJJUFFTOYYZJOBTBY_6_DELIM-AJWTJJUFFTOYYZJOBTBY_04_DELIM-MGZZXLXMXDEXBYGGIYDS_03_DELIM-MGZZXLXMXDEXBYGGIYDS_2019_DELIM-AJWTJJUFFTOYYZJOBTBY_Germany_DELIM-AJWTJJUFFTOYYZJOBTBY_NA     1.54%    passed     99.44%
  41  A_DELIM-MGZZXLXMXDEXBYGGIYDS_Oregon_DELIM-MGZZXLXMXDEXBYGGIYDS_03_DELIM-MGZZXLXMXDEXBYGGIYDS_2019_DELIM-AJWTJJUFFTOYYZJOBTBY_6_DELIM-AJWTJJUFFTOYYZJOBTBY_01_DELIM-MGZZXLXMXDEXBYGGIYDS_28_DELIM-MGZZXLXMXDEXBYGGIYDS_2019_DELIM-AJWTJJUFFTOYYZJOBTBY_USA_DELIM-AJWTJJUFFTOYYZJOBTBY_NA            0.00%    passed     99.25%
  42  A_DELIM-MGZZXLXMXDEXBYGGIYDS_California_DELIM-MGZZXLXMXDEXBYGGIYDS_26_DELIM-MGZZXLXMXDEXBYGGIYDS_2019_DELIM-AJWTJJUFFTOYYZJOBTBY_6_DELIM-AJWTJJUFFTOYYZJOBTBY_01_DELIM-MGZZXLXMXDEXBYGGIYDS_18_DELIM-MGZZXLXMXDEXBYGGIYDS_2019_DELIM-AJWTJJUFFTOYYZJOBTBY_USA_DELIM-AJWTJJUFFTOYYZJOBTBY_NA        0.00%    passed     99.62%
  43  A_DELIM-MGZZXLXMXDEXBYGGIYDS_Montana_DELIM-MGZZXLXMXDEXBYGGIYDS_41_DELIM-MGZZXLXMXDEXBYGGIYDS_2018_DELIM-AJWTJJUFFTOYYZJOBTBY_6_DELIM-AJWTJJUFFTOYYZJOBTBY_12_DELIM-MGZZXLXMXDEXBYGGIYDS_03_DELIM-MGZZXLXMXDEXBYGGIYDS_2018_DELIM-AJWTJJUFFTOYYZJOBTBY_USA_DELIM-AJWTJJUFFTOYYZJOBTBY_NA           0.00%    passed     97.29%
  44  A_DELIM-MGZZXLXMXDEXBYGGIYDS_California_DELIM-MGZZXLXMXDEXBYGGIYDS_21_DELIM-MGZZXLXMXDEXBYGGIYDS_2019_DELIM-AJWTJJUFFTOYYZJOBTBY_6_DELIM-AJWTJJUFFTOYYZJOBTBY_01_DELIM-MGZZXLXMXDEXBYGGIYDS_08_DELIM-MGZZXLXMXDEXBYGGIYDS_2019_DELIM-AJWTJJUFFTOYYZJOBTBY_USA_DELIM-AJWTJJUFFTOYYZJOBTBY_NA        0.00%    passed     98.35%
  45  A_DELIM-MGZZXLXMXDEXBYGGIYDS_Hawaii_DELIM-MGZZXLXMXDEXBYGGIYDS_54_DELIM-MGZZXLXMXDEXBYGGIYDS_2019_DELIM-AJWTJJUFFTOYYZJOBTBY_6_DELIM-AJWTJJUFFTOYYZJOBTBY_07_DELIM-MGZZXLXMXDEXBYGGIYDS_07_DELIM-MGZZXLXMXDEXBYGGIYDS_2019_DELIM-AJWTJJUFFTOYYZJOBTBY_USA_DELIM-AJWTJJUFFTOYYZJOBTBY_NA            0.00%    passed     99.56%
  46  A_DELIM-MGZZXLXMXDEXBYGGIYDS_California_DELIM-MGZZXLXMXDEXBYGGIYDS_236_DELIM-MGZZXLXMXDEXBYGGIYDS_2019_DELIM-AJWTJJUFFTOYYZJOBTBY_6_DELIM-AJWTJJUFFTOYYZJOBTBY_11_DELIM-MGZZXLXMXDEXBYGGIYDS_29_DELIM-MGZZXLXMXDEXBYGGIYDS_2019_DELIM-AJWTJJUFFTOYYZJOBTBY_USA_DELIM-AJWTJJUFFTOYYZJOBTBY_NA       0.00%    passed     99.72%
  47  A_DELIM-MGZZXLXMXDEXBYGGIYDS_Wuhan_DELIM-MGZZXLXMXDEXBYGGIYDS_899_DELIM-MGZZXLXMXDEXBYGGIYDS_2019_DELIM-AJWTJJUFFTOYYZJOBTBY_6_DELIM-AJWTJJUFFTOYYZJOBTBY_01_DELIM-MGZZXLXMXDEXBYGGIYDS_2019_DELIM-AJWTJJUFFTOYYZJOBTBY_China_DELIM-AJWTJJUFFTOYYZJOBTBY_NA                                        0.56%    passed     99.86%
  48  A_DELIM-MGZZXLXMXDEXBYGGIYDS_Washington_DELIM-MGZZXLXMXDEXBYGGIYDS_9595_DELIM-MGZZXLXMXDEXBYGGIYDS_2019_DELIM-AJWTJJUFFTOYYZJOBTBY_6_DELIM-AJWTJJUFFTOYYZJOBTBY_04_DELIM-MGZZXLXMXDEXBYGGIYDS_01_DELIM-MGZZXLXMXDEXBYGGIYDS_2019_DELIM-AJWTJJUFFTOYYZJOBTBY_USA_DELIM-AJWTJJUFFTOYYZJOBTBY_NA      1.54%    passed     96.36%
  49  A_DELIM-MGZZXLXMXDEXBYGGIYDS_Hulunbuir_DELIM-MGZZXLXMXDEXBYGGIYDS_1903_DELIM-MGZZXLXMXDEXBYGGIYDS_2019_DELIM-AJWTJJUFFTOYYZJOBTBY_6_DELIM-AJWTJJUFFTOYYZJOBTBY_01_DELIM-MGZZXLXMXDEXBYGGIYDS_20_DELIM-MGZZXLXMXDEXBYGGIYDS_2019_DELIM-AJWTJJUFFTOYYZJOBTBY_China_DELIM-AJWTJJUFFTOYYZJOBTBY_NA     0.07%    passed     99.92%
  50  A_DELIM-MGZZXLXMXDEXBYGGIYDS_Mexico_DELIM-MGZZXLXMXDEXBYGGIYDS_15017_DELIM-MGZZXLXMXDEXBYGGIYDS_2017_DELIM-AJWTJJUFFTOYYZJOBTBY_6_DELIM-AJWTJJUFFTOYYZJOBTBY_01_DELIM-MGZZXLXMXDEXBYGGIYDS_26_DELIM-MGZZXLXMXDEXBYGGIYDS_2017_DELIM-AJWTJJUFFTOYYZJOBTBY_Mexico_DELIM-AJWTJJUFFTOYYZJOBTBY_NA      1.54%    passed     99.21%
  51  A_DELIM-MGZZXLXMXDEXBYGGIYDS_North_Carolina_DELIM-MGZZXLXMXDEXBYGGIYDS_11_DELIM-MGZZXLXMXDEXBYGGIYDS_2017_DELIM-AJWTJJUFFTOYYZJOBTBY_6_DELIM-AJWTJJUFFTOYYZJOBTBY_02_DELIM-MGZZXLXMXDEXBYGGIYDS_09_DELIM-MGZZXLXMXDEXBYGGIYDS_2017_DELIM-AJWTJJUFFTOYYZJOBTBY_USA_DELIM-AJWTJJUFFTOYYZJOBTBY_NA    0.00%    passed     99.67%
****  TOTAL                                                                                                                                                                                                                                                                                              0.35%  0 sequences failed composition chi2 test (p-value<5%; df=3)

Create initial parsimony tree by phylogenetic likelihood library (PLL)... 0.002 seconds

NOTE: 0 MB RAM (0 GB) is required!
Estimate model parameters (epsilon = 0.500)
1. Initial log-likelihood: -3839.556
2. Current log-likelihood: -3710.601
3. Current log-likelihood: -3675.571
4. Current log-likelihood: -3672.635
Optimal log-likelihood: -3672.208
Rate parameters:  A-C: 1.79711  A-G: 10.87292  A-T: 1.16662  C-G: 0.00010  C-T: 19.78075  G-T: 1.00000
Base frequencies:  A: 0.322  C: 0.183  G: 0.234  T: 0.261
Parameters optimization took 4 rounds (0.037 sec)
Computing ML distances based on estimated model parameters... 0.004 sec
Computing BIONJ tree...
0.001 seconds
Log-likelihood of BIONJ tree: -3674.495
--------------------------------------------------------------------
|             INITIALIZING CANDIDATE TREE SET                      |
--------------------------------------------------------------------

Do NNI search on 2 best initial trees
BETTER TREE FOUND at iteration 1: -3672.205
Finish initializing candidate tree set (4)
Current best tree score: -3672.205 / CPU time: 0.019
Number of iterations: 2
TREE SEARCH COMPLETED AFTER 2 ITERATIONS / Time: 0h:0m:0s

--------------------------------------------------------------------
|                    FINALIZING TREE SEARCH                        |
--------------------------------------------------------------------
Performs final model parameters optimization
Estimate model parameters (epsilon = 0.050)
1. Initial log-likelihood: -3672.205
2. Current log-likelihood: -3672.032
3. Current log-likelihood: -3671.950
4. Current log-likelihood: -3671.881
5. Current log-likelihood: -3671.674
6. Current log-likelihood: -3671.379
7. Current log-likelihood: -3671.312
Optimal log-likelihood: -3671.270
Rate parameters:  A-C: 1.65697  A-G: 9.12648  A-T: 1.02167  C-G: 0.00010  C-T: 16.83188  G-T: 1.00000
Base frequencies:  A: 0.322  C: 0.183  G: 0.234  T: 0.261
Parameters optimization took 7 rounds (0.036 sec)
BEST SCORE FOUND : -3671.270
Total tree length: 0.166

Total number of iterations: 2
CPU time used for tree search: 0.018 sec (0h:0m:0s)
Wall-clock time used for tree search: 0.019 sec (0h:0m:0s)
Total CPU time used: 0.102 sec (0h:0m:0s)
Total wall-clock time used: 0.112 sec (0h:0m:0s)

Analysis results written to: 
  IQ-TREE report:                results/aligned-delim.fasta.iqtree
  Maximum-likelihood tree:       results/aligned-delim.fasta.treefile
  Likelihood distances:          results/aligned-delim.fasta.mldist
  Screen log file:               results/aligned-delim.fasta.log

Date and Time: Sun Sep  4 19:23:36 2022
