IQ-TREE multicore version 1.6.12 for Mac OS X 64-bit built Aug 15 2019
Developed by Bui Quang Minh, Nguyen Lam Tung, Olga Chernomor,
Heiko Schmidt, Dominik Schrempf, Michael Woodhams.

Host:    Rasmuss-MacBook-Air.local (SSE4.2, 16 GB RAM)
Command: iqtree -nt 1 -s results/aligned-delim.fasta -m GTR -ninit 2 -n 2 -me 0.05
Seed:    128478 (Using SPRNG - Scalable Parallel Random Number Generator)
Time:    Sun Aug 28 17:52:11 2022
Kernel:  SSE2 - 1 threads (8 CPU cores detected)

HINT: Use -nt option to specify number of threads because your CPU has 8 cores!
HINT: -nt AUTO will automatically determine the best number of threads to use.

Reading alignment file results/aligned-delim.fasta ... Fasta format detected
Alignment most likely contains DNA/RNA sequences
Alignment has 51 sequences with 1436 columns, 295 distinct patterns
409 parsimony-informative, 87 singleton sites, 940 constant sites
WARNING: Some sequence names are changed as follows:
gb:CY114383_DELIM-DKDXYPQGOREEPBDAOHIW_Organism:Influenza -> gb_CY114383_DELIM-DKDXYPQGOREEPBDAOHIW_Organism_Influenza

                                                                                                                                                                                                                                                                                                                                              Gap/Ambiguity  Composition  p-value
   1  gb_CY114383_DELIM-DKDXYPQGOREEPBDAOHIW_Organism_Influenza                                                                                                                                                                                                                                                                                       0.00%    passed     99.57%
   2  A_DELIM-LIWRFVQUUOGNJPCNJTYC_West_Virginia_DELIM-LIWRFVQUUOGNJPCNJTYC_28_DELIM-LIWRFVQUUOGNJPCNJTYC_2019_DELIM-DKDXYPQGOREEPBDAOHIW_6_DELIM-DKDXYPQGOREEPBDAOHIW_03_DELIM-LIWRFVQUUOGNJPCNJTYC_31_DELIM-LIWRFVQUUOGNJPCNJTYC_2019_DELIM-DKDXYPQGOREEPBDAOHIW_USA_DELIM-DKDXYPQGOREEPBDAOHIW_NA                                                  1.88%    passed     99.79%
   3  A_DELIM-LIWRFVQUUOGNJPCNJTYC_Maryland_DELIM-LIWRFVQUUOGNJPCNJTYC_10_DELIM-LIWRFVQUUOGNJPCNJTYC_2019_DELIM-DKDXYPQGOREEPBDAOHIW_6_DELIM-DKDXYPQGOREEPBDAOHIW_02_DELIM-LIWRFVQUUOGNJPCNJTYC_05_DELIM-LIWRFVQUUOGNJPCNJTYC_2019_DELIM-DKDXYPQGOREEPBDAOHIW_USA_DELIM-DKDXYPQGOREEPBDAOHIW_NA                                                       1.81%    passed     99.16%
   4  A_DELIM-LIWRFVQUUOGNJPCNJTYC_South_Carolina_DELIM-LIWRFVQUUOGNJPCNJTYC_8660_DELIM-LIWRFVQUUOGNJPCNJTYC_2019_DELIM-DKDXYPQGOREEPBDAOHIW_6_DELIM-DKDXYPQGOREEPBDAOHIW_02_DELIM-LIWRFVQUUOGNJPCNJTYC_05_DELIM-LIWRFVQUUOGNJPCNJTYC_2019_DELIM-DKDXYPQGOREEPBDAOHIW_USA_DELIM-DKDXYPQGOREEPBDAOHIW_NA                                               1.81%    passed     99.60%
   5  A_DELIM-LIWRFVQUUOGNJPCNJTYC_Montana_DELIM-LIWRFVQUUOGNJPCNJTYC_03_DELIM-LIWRFVQUUOGNJPCNJTYC_2019_DELIM-DKDXYPQGOREEPBDAOHIW_6_DELIM-DKDXYPQGOREEPBDAOHIW_01_DELIM-LIWRFVQUUOGNJPCNJTYC_03_DELIM-LIWRFVQUUOGNJPCNJTYC_2019_DELIM-DKDXYPQGOREEPBDAOHIW_USA_DELIM-DKDXYPQGOREEPBDAOHIW_NA                                                        1.81%    passed     99.46%
   6  A_DELIM-LIWRFVQUUOGNJPCNJTYC_Italy_DELIM-LIWRFVQUUOGNJPCNJTYC_8763_DELIM-LIWRFVQUUOGNJPCNJTYC_2019_DELIM-DKDXYPQGOREEPBDAOHIW_6_DELIM-DKDXYPQGOREEPBDAOHIW_03_DELIM-LIWRFVQUUOGNJPCNJTYC_08_DELIM-LIWRFVQUUOGNJPCNJTYC_2019_DELIM-DKDXYPQGOREEPBDAOHIW_Italy_DELIM-DKDXYPQGOREEPBDAOHIW_NA                                                      1.81%    passed     99.37%
   7  A_DELIM-LIWRFVQUUOGNJPCNJTYC_New_York_DELIM-LIWRFVQUUOGNJPCNJTYC_32_DELIM-LIWRFVQUUOGNJPCNJTYC_2019_DELIM-DKDXYPQGOREEPBDAOHIW_6_DELIM-DKDXYPQGOREEPBDAOHIW_04_DELIM-LIWRFVQUUOGNJPCNJTYC_03_DELIM-LIWRFVQUUOGNJPCNJTYC_2019_DELIM-DKDXYPQGOREEPBDAOHIW_USA_DELIM-DKDXYPQGOREEPBDAOHIW_NA                                                       1.81%    passed     98.64%
   8  A_DELIM-LIWRFVQUUOGNJPCNJTYC_Georgia_DELIM-LIWRFVQUUOGNJPCNJTYC_33_DELIM-LIWRFVQUUOGNJPCNJTYC_2018_DELIM-DKDXYPQGOREEPBDAOHIW_6_DELIM-DKDXYPQGOREEPBDAOHIW_12_DELIM-LIWRFVQUUOGNJPCNJTYC_24_DELIM-LIWRFVQUUOGNJPCNJTYC_2018_DELIM-DKDXYPQGOREEPBDAOHIW_USA_DELIM-DKDXYPQGOREEPBDAOHIW_NA                                                        1.81%    passed     99.77%
   9  A_DELIM-LIWRFVQUUOGNJPCNJTYC_Alaska_DELIM-LIWRFVQUUOGNJPCNJTYC_04_DELIM-LIWRFVQUUOGNJPCNJTYC_2019_DELIM-DKDXYPQGOREEPBDAOHIW_6_DELIM-DKDXYPQGOREEPBDAOHIW_01_DELIM-LIWRFVQUUOGNJPCNJTYC_12_DELIM-LIWRFVQUUOGNJPCNJTYC_2019_DELIM-DKDXYPQGOREEPBDAOHIW_USA_DELIM-DKDXYPQGOREEPBDAOHIW_NA                                                         1.81%    passed     99.77%
  10  A_DELIM-LIWRFVQUUOGNJPCNJTYC_Maine_DELIM-LIWRFVQUUOGNJPCNJTYC_24_DELIM-LIWRFVQUUOGNJPCNJTYC_2019_DELIM-DKDXYPQGOREEPBDAOHIW_6_DELIM-DKDXYPQGOREEPBDAOHIW_04_DELIM-LIWRFVQUUOGNJPCNJTYC_10_DELIM-LIWRFVQUUOGNJPCNJTYC_2019_DELIM-DKDXYPQGOREEPBDAOHIW_USA_DELIM-DKDXYPQGOREEPBDAOHIW_NA                                                          1.81%    passed     99.95%
  11  A_DELIM-LIWRFVQUUOGNJPCNJTYC_Missouri_DELIM-LIWRFVQUUOGNJPCNJTYC_57_DELIM-LIWRFVQUUOGNJPCNJTYC_2018_DELIM-DKDXYPQGOREEPBDAOHIW_6_DELIM-DKDXYPQGOREEPBDAOHIW_12_DELIM-LIWRFVQUUOGNJPCNJTYC_12_DELIM-LIWRFVQUUOGNJPCNJTYC_2018_DELIM-DKDXYPQGOREEPBDAOHIW_USA_DELIM-DKDXYPQGOREEPBDAOHIW_NA                                                       1.81%    passed     99.70%
  12  A_DELIM-LIWRFVQUUOGNJPCNJTYC_Maryland_DELIM-LIWRFVQUUOGNJPCNJTYC_8006_DELIM-LIWRFVQUUOGNJPCNJTYC_2019_DELIM-DKDXYPQGOREEPBDAOHIW_6_DELIM-DKDXYPQGOREEPBDAOHIW_01_DELIM-LIWRFVQUUOGNJPCNJTYC_24_DELIM-LIWRFVQUUOGNJPCNJTYC_2019_DELIM-DKDXYPQGOREEPBDAOHIW_USA_DELIM-DKDXYPQGOREEPBDAOHIW_NA                                                     1.81%    passed     99.95%
  13  A_DELIM-LIWRFVQUUOGNJPCNJTYC_Oklahoma_DELIM-LIWRFVQUUOGNJPCNJTYC_8812_DELIM-LIWRFVQUUOGNJPCNJTYC_2019_DELIM-DKDXYPQGOREEPBDAOHIW_6_DELIM-DKDXYPQGOREEPBDAOHIW_03_DELIM-LIWRFVQUUOGNJPCNJTYC_12_DELIM-LIWRFVQUUOGNJPCNJTYC_2019_DELIM-DKDXYPQGOREEPBDAOHIW_USA_DELIM-DKDXYPQGOREEPBDAOHIW_NA                                                     1.81%    passed     99.95%
  14  A_DELIM-LIWRFVQUUOGNJPCNJTYC_New_Mexico_DELIM-LIWRFVQUUOGNJPCNJTYC_05_DELIM-LIWRFVQUUOGNJPCNJTYC_2019_DELIM-DKDXYPQGOREEPBDAOHIW_6_DELIM-DKDXYPQGOREEPBDAOHIW_01_DELIM-LIWRFVQUUOGNJPCNJTYC_22_DELIM-LIWRFVQUUOGNJPCNJTYC_2019_DELIM-DKDXYPQGOREEPBDAOHIW_USA_DELIM-DKDXYPQGOREEPBDAOHIW_NA                                                     1.81%    passed     99.39%
  15  A_DELIM-LIWRFVQUUOGNJPCNJTYC_Mississippi_DELIM-LIWRFVQUUOGNJPCNJTYC_8276_DELIM-LIWRFVQUUOGNJPCNJTYC_2019_DELIM-DKDXYPQGOREEPBDAOHIW_6_DELIM-DKDXYPQGOREEPBDAOHIW_01_DELIM-LIWRFVQUUOGNJPCNJTYC_16_DELIM-LIWRFVQUUOGNJPCNJTYC_2019_DELIM-DKDXYPQGOREEPBDAOHIW_USA_DELIM-DKDXYPQGOREEPBDAOHIW_NA                                                  1.81%    passed     99.70%
  16  A_DELIM-LIWRFVQUUOGNJPCNJTYC_Mississippi_DELIM-LIWRFVQUUOGNJPCNJTYC_8460_DELIM-LIWRFVQUUOGNJPCNJTYC_2019_DELIM-DKDXYPQGOREEPBDAOHIW_6_DELIM-DKDXYPQGOREEPBDAOHIW_01_DELIM-LIWRFVQUUOGNJPCNJTYC_28_DELIM-LIWRFVQUUOGNJPCNJTYC_2019_DELIM-DKDXYPQGOREEPBDAOHIW_USA_DELIM-DKDXYPQGOREEPBDAOHIW_NA                                                  1.81%    passed     99.77%
  17  A_DELIM-LIWRFVQUUOGNJPCNJTYC_Alabama_DELIM-LIWRFVQUUOGNJPCNJTYC_22_DELIM-LIWRFVQUUOGNJPCNJTYC_2019_DELIM-DKDXYPQGOREEPBDAOHIW_6_DELIM-DKDXYPQGOREEPBDAOHIW_04_DELIM-LIWRFVQUUOGNJPCNJTYC_04_DELIM-LIWRFVQUUOGNJPCNJTYC_2019_DELIM-DKDXYPQGOREEPBDAOHIW_USA_DELIM-DKDXYPQGOREEPBDAOHIW_NA                                                        1.81%    passed     98.75%
  18  A_DELIM-LIWRFVQUUOGNJPCNJTYC_Virginia_DELIM-LIWRFVQUUOGNJPCNJTYC_9140_DELIM-LIWRFVQUUOGNJPCNJTYC_2019_DELIM-DKDXYPQGOREEPBDAOHIW_6_DELIM-DKDXYPQGOREEPBDAOHIW_03_DELIM-LIWRFVQUUOGNJPCNJTYC_13_DELIM-LIWRFVQUUOGNJPCNJTYC_2019_DELIM-DKDXYPQGOREEPBDAOHIW_USA_DELIM-DKDXYPQGOREEPBDAOHIW_NA                                                     1.81%    passed     99.63%
  19  A_DELIM-LIWRFVQUUOGNJPCNJTYC_North_Carolina_DELIM-LIWRFVQUUOGNJPCNJTYC_20_DELIM-LIWRFVQUUOGNJPCNJTYC_2019_DELIM-DKDXYPQGOREEPBDAOHIW_6_DELIM-DKDXYPQGOREEPBDAOHIW_03_DELIM-LIWRFVQUUOGNJPCNJTYC_18_DELIM-LIWRFVQUUOGNJPCNJTYC_2019_DELIM-DKDXYPQGOREEPBDAOHIW_USA_DELIM-DKDXYPQGOREEPBDAOHIW_NA                                                 1.88%    passed     99.57%
  20  A_DELIM-LIWRFVQUUOGNJPCNJTYC_Illinois_DELIM-LIWRFVQUUOGNJPCNJTYC_20_DELIM-LIWRFVQUUOGNJPCNJTYC_2019_DELIM-DKDXYPQGOREEPBDAOHIW_6_DELIM-DKDXYPQGOREEPBDAOHIW_03_DELIM-LIWRFVQUUOGNJPCNJTYC_08_DELIM-LIWRFVQUUOGNJPCNJTYC_2019_DELIM-DKDXYPQGOREEPBDAOHIW_USA_DELIM-DKDXYPQGOREEPBDAOHIW_NA                                                       1.81%    passed     98.02%
  21  A_DELIM-LIWRFVQUUOGNJPCNJTYC_Georgia_DELIM-LIWRFVQUUOGNJPCNJTYC_23_DELIM-LIWRFVQUUOGNJPCNJTYC_2018_DELIM-DKDXYPQGOREEPBDAOHIW_6_DELIM-DKDXYPQGOREEPBDAOHIW_03_DELIM-LIWRFVQUUOGNJPCNJTYC_19_DELIM-LIWRFVQUUOGNJPCNJTYC_2018_DELIM-DKDXYPQGOREEPBDAOHIW_USA_DELIM-DKDXYPQGOREEPBDAOHIW_NA                                                        1.81%    passed     98.64%
  22  A_DELIM-LIWRFVQUUOGNJPCNJTYC_Bahrain_DELIM-LIWRFVQUUOGNJPCNJTYC_RVT0145_DELIM-LIWRFVQUUOGNJPCNJTYC_2018_DELIM-DKDXYPQGOREEPBDAOHIW_6_DELIM-DKDXYPQGOREEPBDAOHIW_02_DELIM-LIWRFVQUUOGNJPCNJTYC_10_DELIM-LIWRFVQUUOGNJPCNJTYC_2018_DELIM-DKDXYPQGOREEPBDAOHIW_Bahrain_DELIM-DKDXYPQGOREEPBDAOHIW_NA                                               1.81%    passed     99.92%
  23  A_DELIM-LIWRFVQUUOGNJPCNJTYC_Florida_DELIM-LIWRFVQUUOGNJPCNJTYC_7214_DELIM-LIWRFVQUUOGNJPCNJTYC_2018_DELIM-DKDXYPQGOREEPBDAOHIW_6_DELIM-DKDXYPQGOREEPBDAOHIW_02_DELIM-LIWRFVQUUOGNJPCNJTYC_01_DELIM-LIWRFVQUUOGNJPCNJTYC_2018_DELIM-DKDXYPQGOREEPBDAOHIW_USA_DELIM-DKDXYPQGOREEPBDAOHIW_NA                                                      1.81%    passed     99.92%
  24  A_DELIM-LIWRFVQUUOGNJPCNJTYC_California_DELIM-LIWRFVQUUOGNJPCNJTYC_SEA0134_DELIM-LIWRFVQUUOGNJPCNJTYC_2018_DELIM-DKDXYPQGOREEPBDAOHIW_6_DELIM-DKDXYPQGOREEPBDAOHIW_01_DELIM-LIWRFVQUUOGNJPCNJTYC_11_DELIM-LIWRFVQUUOGNJPCNJTYC_2018_DELIM-DKDXYPQGOREEPBDAOHIW_USA_DELIM-DKDXYPQGOREEPBDAOHIW_NA                                                1.81%    passed     99.92%
  25  A_DELIM-LIWRFVQUUOGNJPCNJTYC_Brisbane_DELIM-LIWRFVQUUOGNJPCNJTYC_141_DELIM-LIWRFVQUUOGNJPCNJTYC_2018_DELIM-DKDXYPQGOREEPBDAOHIW_6_DELIM-DKDXYPQGOREEPBDAOHIW_09_DELIM-LIWRFVQUUOGNJPCNJTYC_18_DELIM-LIWRFVQUUOGNJPCNJTYC_2018_DELIM-DKDXYPQGOREEPBDAOHIW_Australia_DELIM-DKDXYPQGOREEPBDAOHIW_NA                                                1.81%    passed     99.87%
  26  A_DELIM-LIWRFVQUUOGNJPCNJTYC_Alaska_DELIM-LIWRFVQUUOGNJPCNJTYC_44_DELIM-LIWRFVQUUOGNJPCNJTYC_2018_DELIM-DKDXYPQGOREEPBDAOHIW_6_DELIM-DKDXYPQGOREEPBDAOHIW_05_DELIM-LIWRFVQUUOGNJPCNJTYC_11_DELIM-LIWRFVQUUOGNJPCNJTYC_2018_DELIM-DKDXYPQGOREEPBDAOHIW_USA_DELIM-DKDXYPQGOREEPBDAOHIW_NA                                                         1.81%    passed     99.76%
  27  A_DELIM-LIWRFVQUUOGNJPCNJTYC_Germany_DELIM-LIWRFVQUUOGNJPCNJTYC_7343_DELIM-LIWRFVQUUOGNJPCNJTYC_2018_DELIM-DKDXYPQGOREEPBDAOHIW_6_DELIM-DKDXYPQGOREEPBDAOHIW_03_DELIM-LIWRFVQUUOGNJPCNJTYC_16_DELIM-LIWRFVQUUOGNJPCNJTYC_2018_DELIM-DKDXYPQGOREEPBDAOHIW_Germany_DELIM-DKDXYPQGOREEPBDAOHIW_NA                                                  1.81%    passed     99.92%
  28  A_DELIM-LIWRFVQUUOGNJPCNJTYC_New_Mexico_DELIM-LIWRFVQUUOGNJPCNJTYC_14_DELIM-LIWRFVQUUOGNJPCNJTYC_2018_DELIM-DKDXYPQGOREEPBDAOHIW_6_DELIM-DKDXYPQGOREEPBDAOHIW_02_DELIM-LIWRFVQUUOGNJPCNJTYC_23_DELIM-LIWRFVQUUOGNJPCNJTYC_2018_DELIM-DKDXYPQGOREEPBDAOHIW_USA_DELIM-DKDXYPQGOREEPBDAOHIW_NA                                                     1.81%    passed     99.96%
  29  A_DELIM-LIWRFVQUUOGNJPCNJTYC_Townsville_DELIM-LIWRFVQUUOGNJPCNJTYC_31_DELIM-LIWRFVQUUOGNJPCNJTYC_2018_DELIM-DKDXYPQGOREEPBDAOHIW_6_DELIM-DKDXYPQGOREEPBDAOHIW_08_DELIM-LIWRFVQUUOGNJPCNJTYC_20_DELIM-LIWRFVQUUOGNJPCNJTYC_2018_DELIM-DKDXYPQGOREEPBDAOHIW_Australia_DELIM-DKDXYPQGOREEPBDAOHIW_NA                                               1.81%    passed     99.38%
  30  A_DELIM-LIWRFVQUUOGNJPCNJTYC_Japan_DELIM-LIWRFVQUUOGNJPCNJTYC_6954_DELIM-LIWRFVQUUOGNJPCNJTYC_2018_DELIM-DKDXYPQGOREEPBDAOHIW_6_DELIM-DKDXYPQGOREEPBDAOHIW_01_DELIM-LIWRFVQUUOGNJPCNJTYC_24_DELIM-LIWRFVQUUOGNJPCNJTYC_2018_DELIM-DKDXYPQGOREEPBDAOHIW_Japan_DELIM-DKDXYPQGOREEPBDAOHIW_NA                                                      1.81%    passed     99.98%
  31  A_DELIM-LIWRFVQUUOGNJPCNJTYC_Michigan_DELIM-LIWRFVQUUOGNJPCNJTYC_414_DELIM-LIWRFVQUUOGNJPCNJTYC_2018_DELIM-DKDXYPQGOREEPBDAOHIW_6_DELIM-DKDXYPQGOREEPBDAOHIW_12_DELIM-LIWRFVQUUOGNJPCNJTYC_10_DELIM-LIWRFVQUUOGNJPCNJTYC_2018_DELIM-DKDXYPQGOREEPBDAOHIW_USA_DELIM-DKDXYPQGOREEPBDAOHIW_NA                                                      1.81%    passed     99.94%
  32  A_DELIM-LIWRFVQUUOGNJPCNJTYC_Maine_DELIM-LIWRFVQUUOGNJPCNJTYC_43_DELIM-LIWRFVQUUOGNJPCNJTYC_2018_DELIM-DKDXYPQGOREEPBDAOHIW_6_DELIM-DKDXYPQGOREEPBDAOHIW_12_DELIM-LIWRFVQUUOGNJPCNJTYC_19_DELIM-LIWRFVQUUOGNJPCNJTYC_2018_DELIM-DKDXYPQGOREEPBDAOHIW_USA_DELIM-DKDXYPQGOREEPBDAOHIW_NA                                                          1.81%    passed     99.26%
  33  A_DELIM-LIWRFVQUUOGNJPCNJTYC_Victoria_DELIM-LIWRFVQUUOGNJPCNJTYC_741_DELIM-LIWRFVQUUOGNJPCNJTYC_2018_DELIM-DKDXYPQGOREEPBDAOHIW_6_DELIM-DKDXYPQGOREEPBDAOHIW_09_DELIM-LIWRFVQUUOGNJPCNJTYC_13_DELIM-LIWRFVQUUOGNJPCNJTYC_2018_DELIM-DKDXYPQGOREEPBDAOHIW_Australia_DELIM-DKDXYPQGOREEPBDAOHIW_NA                                                1.81%    passed     99.93%
  34  A_DELIM-LIWRFVQUUOGNJPCNJTYC_Massachusetts_DELIM-LIWRFVQUUOGNJPCNJTYC_42_DELIM-LIWRFVQUUOGNJPCNJTYC_2019_DELIM-DKDXYPQGOREEPBDAOHIW_6_DELIM-DKDXYPQGOREEPBDAOHIW_11_DELIM-LIWRFVQUUOGNJPCNJTYC_22_DELIM-LIWRFVQUUOGNJPCNJTYC_2019_DELIM-DKDXYPQGOREEPBDAOHIW_USA_DELIM-DKDXYPQGOREEPBDAOHIW_NA                                                  1.81%    passed     99.95%
  35  A_DELIM-LIWRFVQUUOGNJPCNJTYC_Montana_DELIM-LIWRFVQUUOGNJPCNJTYC_42_DELIM-LIWRFVQUUOGNJPCNJTYC_2019_DELIM-DKDXYPQGOREEPBDAOHIW_6_DELIM-DKDXYPQGOREEPBDAOHIW_09_DELIM-LIWRFVQUUOGNJPCNJTYC_13_DELIM-LIWRFVQUUOGNJPCNJTYC_2019_DELIM-DKDXYPQGOREEPBDAOHIW_USA_DELIM-DKDXYPQGOREEPBDAOHIW_NA                                                        1.81%    passed     99.97%
  36  A_DELIM-LIWRFVQUUOGNJPCNJTYC_Minnesota_DELIM-LIWRFVQUUOGNJPCNJTYC_48_DELIM-LIWRFVQUUOGNJPCNJTYC_2019_DELIM-DKDXYPQGOREEPBDAOHIW_6_DELIM-DKDXYPQGOREEPBDAOHIW_07_DELIM-LIWRFVQUUOGNJPCNJTYC_13_DELIM-LIWRFVQUUOGNJPCNJTYC_2019_DELIM-DKDXYPQGOREEPBDAOHIW_USA_DELIM-DKDXYPQGOREEPBDAOHIW_NA                                                      1.81%    passed     99.98%
  37  A_DELIM-LIWRFVQUUOGNJPCNJTYC_Florida_DELIM-LIWRFVQUUOGNJPCNJTYC_101_DELIM-LIWRFVQUUOGNJPCNJTYC_2019_DELIM-DKDXYPQGOREEPBDAOHIW_6_DELIM-DKDXYPQGOREEPBDAOHIW_09_DELIM-LIWRFVQUUOGNJPCNJTYC_19_DELIM-LIWRFVQUUOGNJPCNJTYC_2019_DELIM-DKDXYPQGOREEPBDAOHIW_USA_DELIM-DKDXYPQGOREEPBDAOHIW_NA                                                       1.81%    passed     99.60%
  38  A_DELIM-LIWRFVQUUOGNJPCNJTYC_Vermont_DELIM-LIWRFVQUUOGNJPCNJTYC_03_DELIM-LIWRFVQUUOGNJPCNJTYC_2020_DELIM-DKDXYPQGOREEPBDAOHIW_6_DELIM-DKDXYPQGOREEPBDAOHIW_01_DELIM-LIWRFVQUUOGNJPCNJTYC_08_DELIM-LIWRFVQUUOGNJPCNJTYC_2020_DELIM-DKDXYPQGOREEPBDAOHIW_USA_DELIM-DKDXYPQGOREEPBDAOHIW_NA                                                        1.81%    passed     99.97%
  39  A_DELIM-LIWRFVQUUOGNJPCNJTYC_Montana_DELIM-LIWRFVQUUOGNJPCNJTYC_38_DELIM-LIWRFVQUUOGNJPCNJTYC_2019_DELIM-DKDXYPQGOREEPBDAOHIW_6_DELIM-DKDXYPQGOREEPBDAOHIW_07_DELIM-LIWRFVQUUOGNJPCNJTYC_14_DELIM-LIWRFVQUUOGNJPCNJTYC_2019_DELIM-DKDXYPQGOREEPBDAOHIW_USA_DELIM-DKDXYPQGOREEPBDAOHIW_NA                                                        1.81%    passed     99.93%
  40  A_DELIM-LIWRFVQUUOGNJPCNJTYC_Minnesota_DELIM-LIWRFVQUUOGNJPCNJTYC_09_DELIM-LIWRFVQUUOGNJPCNJTYC_2020_DELIM-DKDXYPQGOREEPBDAOHIW_6_DELIM-DKDXYPQGOREEPBDAOHIW_02_DELIM-LIWRFVQUUOGNJPCNJTYC_09_DELIM-LIWRFVQUUOGNJPCNJTYC_2020_DELIM-DKDXYPQGOREEPBDAOHIW_USA_DELIM-DKDXYPQGOREEPBDAOHIW_NA                                                      1.81%    passed     98.53%
  41  A_DELIM-LIWRFVQUUOGNJPCNJTYC_New_Jersey_DELIM-LIWRFVQUUOGNJPCNJTYC_13_DELIM-LIWRFVQUUOGNJPCNJTYC_2020_DELIM-DKDXYPQGOREEPBDAOHIW_6_DELIM-DKDXYPQGOREEPBDAOHIW_02_DELIM-LIWRFVQUUOGNJPCNJTYC_16_DELIM-LIWRFVQUUOGNJPCNJTYC_2020_DELIM-DKDXYPQGOREEPBDAOHIW_USA_DELIM-DKDXYPQGOREEPBDAOHIW_NA                                                     1.81%    passed     99.77%
  42  A_DELIM-LIWRFVQUUOGNJPCNJTYC_California_DELIM-LIWRFVQUUOGNJPCNJTYC_191_DELIM-LIWRFVQUUOGNJPCNJTYC_2019_DELIM-DKDXYPQGOREEPBDAOHIW_6_DELIM-DKDXYPQGOREEPBDAOHIW_11_DELIM-LIWRFVQUUOGNJPCNJTYC_03_DELIM-LIWRFVQUUOGNJPCNJTYC_2019_DELIM-DKDXYPQGOREEPBDAOHIW_USA_DELIM-DKDXYPQGOREEPBDAOHIW_NA                                                    1.81%    passed     99.70%
  43  A_DELIM-LIWRFVQUUOGNJPCNJTYC_swine_DELIM-LIWRFVQUUOGNJPCNJTYC_Indiana_DELIM-LIWRFVQUUOGNJPCNJTYC_A02256610_DELIM-LIWRFVQUUOGNJPCNJTYC_2018_DELIM-DKDXYPQGOREEPBDAOHIW_6_DELIM-DKDXYPQGOREEPBDAOHIW_08_DELIM-LIWRFVQUUOGNJPCNJTYC_21_DELIM-LIWRFVQUUOGNJPCNJTYC_2018_DELIM-DKDXYPQGOREEPBDAOHIW_USA_DELIM-DKDXYPQGOREEPBDAOHIW_NA                1.88%    passed     97.48%
  44  A_DELIM-LIWRFVQUUOGNJPCNJTYC_swine_DELIM-LIWRFVQUUOGNJPCNJTYC_Minnesota_DELIM-LIWRFVQUUOGNJPCNJTYC_A02157976_DELIM-LIWRFVQUUOGNJPCNJTYC_2018_DELIM-DKDXYPQGOREEPBDAOHIW_6_DELIM-DKDXYPQGOREEPBDAOHIW_04_DELIM-LIWRFVQUUOGNJPCNJTYC_18_DELIM-LIWRFVQUUOGNJPCNJTYC_2018_DELIM-DKDXYPQGOREEPBDAOHIW_USA_DELIM-DKDXYPQGOREEPBDAOHIW_NA              1.81%    passed     94.17%
  45  A_DELIM-LIWRFVQUUOGNJPCNJTYC_swine_DELIM-LIWRFVQUUOGNJPCNJTYC_South_Dakota_DELIM-LIWRFVQUUOGNJPCNJTYC_A02245350_DELIM-LIWRFVQUUOGNJPCNJTYC_2019_DELIM-DKDXYPQGOREEPBDAOHIW_6_DELIM-DKDXYPQGOREEPBDAOHIW_12_DELIM-LIWRFVQUUOGNJPCNJTYC_02_DELIM-LIWRFVQUUOGNJPCNJTYC_2019_DELIM-DKDXYPQGOREEPBDAOHIW_USA_DELIM-DKDXYPQGOREEPBDAOHIW_NA           1.81%    passed     83.92%
  46  A_DELIM-LIWRFVQUUOGNJPCNJTYC_swine_DELIM-LIWRFVQUUOGNJPCNJTYC_North_Carolina_DELIM-LIWRFVQUUOGNJPCNJTYC_A02142700_DELIM-LIWRFVQUUOGNJPCNJTYC_2018_DELIM-DKDXYPQGOREEPBDAOHIW_6_DELIM-DKDXYPQGOREEPBDAOHIW_02_DELIM-LIWRFVQUUOGNJPCNJTYC_13_DELIM-LIWRFVQUUOGNJPCNJTYC_2018_DELIM-DKDXYPQGOREEPBDAOHIW_USA_DELIM-DKDXYPQGOREEPBDAOHIW_NA         1.81%    passed     85.23%
  47  A_DELIM-LIWRFVQUUOGNJPCNJTYC_swine_DELIM-LIWRFVQUUOGNJPCNJTYC_Iowa_DELIM-LIWRFVQUUOGNJPCNJTYC_A02154763_DELIM-LIWRFVQUUOGNJPCNJTYC_2018_DELIM-DKDXYPQGOREEPBDAOHIW_6_DELIM-DKDXYPQGOREEPBDAOHIW_03_DELIM-LIWRFVQUUOGNJPCNJTYC_01_DELIM-LIWRFVQUUOGNJPCNJTYC_2018_DELIM-DKDXYPQGOREEPBDAOHIW_USA_DELIM-DKDXYPQGOREEPBDAOHIW_NA                   1.88%    passed     82.90%
  48  A_DELIM-LIWRFVQUUOGNJPCNJTYC_swine_DELIM-LIWRFVQUUOGNJPCNJTYC_Iowa_DELIM-LIWRFVQUUOGNJPCNJTYC_A02254363_DELIM-LIWRFVQUUOGNJPCNJTYC_2018_DELIM-DKDXYPQGOREEPBDAOHIW_6_DELIM-DKDXYPQGOREEPBDAOHIW_07_DELIM-LIWRFVQUUOGNJPCNJTYC_25_DELIM-LIWRFVQUUOGNJPCNJTYC_2018_DELIM-DKDXYPQGOREEPBDAOHIW_USA_DELIM-DKDXYPQGOREEPBDAOHIW_NA                   1.88%    passed     98.93%
  49  A_DELIM-LIWRFVQUUOGNJPCNJTYC_swine_DELIM-LIWRFVQUUOGNJPCNJTYC_Iowa_DELIM-LIWRFVQUUOGNJPCNJTYC_A02257201_DELIM-LIWRFVQUUOGNJPCNJTYC_2018_DELIM-DKDXYPQGOREEPBDAOHIW_6_DELIM-DKDXYPQGOREEPBDAOHIW_09_DELIM-LIWRFVQUUOGNJPCNJTYC_04_DELIM-LIWRFVQUUOGNJPCNJTYC_2018_DELIM-DKDXYPQGOREEPBDAOHIW_USA_DELIM-DKDXYPQGOREEPBDAOHIW_NA                   1.81%    passed     99.31%
  50  A_DELIM-LIWRFVQUUOGNJPCNJTYC_canine_DELIM-LIWRFVQUUOGNJPCNJTYC_Ontario_DELIM-LIWRFVQUUOGNJPCNJTYC_NCFAD_2018_070_4_DELIM-LIWRFVQUUOGNJPCNJTYC_2018_DELIM-DKDXYPQGOREEPBDAOHIW_6_DELIM-DKDXYPQGOREEPBDAOHIW_01_DELIM-LIWRFVQUUOGNJPCNJTYC_26_DELIM-LIWRFVQUUOGNJPCNJTYC_2018_DELIM-DKDXYPQGOREEPBDAOHIW_Canada_DELIM-DKDXYPQGOREEPBDAOHIW_NA     1.81%    passed     67.74%
  51  A_DELIM-LIWRFVQUUOGNJPCNJTYC_canine_DELIM-LIWRFVQUUOGNJPCNJTYC_Ontario_DELIM-LIWRFVQUUOGNJPCNJTYC_NCFAD_2018_070_15_DELIM-LIWRFVQUUOGNJPCNJTYC_2018_DELIM-DKDXYPQGOREEPBDAOHIW_6_DELIM-DKDXYPQGOREEPBDAOHIW_03_DELIM-LIWRFVQUUOGNJPCNJTYC_14_DELIM-LIWRFVQUUOGNJPCNJTYC_2018_DELIM-DKDXYPQGOREEPBDAOHIW_Canada_DELIM-DKDXYPQGOREEPBDAOHIW_NA    1.81%    passed     67.59%
****  TOTAL                                                                                                                                                                                                                                                                                                                                           1.78%  0 sequences failed composition chi2 test (p-value<5%; df=3)
NOTE: A_DELIM-LIWRFVQUUOGNJPCNJTYC_Alaska_DELIM-LIWRFVQUUOGNJPCNJTYC_04_DELIM-LIWRFVQUUOGNJPCNJTYC_2019_DELIM-DKDXYPQGOREEPBDAOHIW_6_DELIM-DKDXYPQGOREEPBDAOHIW_01_DELIM-LIWRFVQUUOGNJPCNJTYC_12_DELIM-LIWRFVQUUOGNJPCNJTYC_2019_DELIM-DKDXYPQGOREEPBDAOHIW_USA_DELIM-DKDXYPQGOREEPBDAOHIW_NA is identical to A_DELIM-LIWRFVQUUOGNJPCNJTYC_Georgia_DELIM-LIWRFVQUUOGNJPCNJTYC_33_DELIM-LIWRFVQUUOGNJPCNJTYC_2018_DELIM-DKDXYPQGOREEPBDAOHIW_6_DELIM-DKDXYPQGOREEPBDAOHIW_12_DELIM-LIWRFVQUUOGNJPCNJTYC_24_DELIM-LIWRFVQUUOGNJPCNJTYC_2018_DELIM-DKDXYPQGOREEPBDAOHIW_USA_DELIM-DKDXYPQGOREEPBDAOHIW_NA but kept for subsequent analysis
NOTE: A_DELIM-LIWRFVQUUOGNJPCNJTYC_Florida_DELIM-LIWRFVQUUOGNJPCNJTYC_7214_DELIM-LIWRFVQUUOGNJPCNJTYC_2018_DELIM-DKDXYPQGOREEPBDAOHIW_6_DELIM-DKDXYPQGOREEPBDAOHIW_02_DELIM-LIWRFVQUUOGNJPCNJTYC_01_DELIM-LIWRFVQUUOGNJPCNJTYC_2018_DELIM-DKDXYPQGOREEPBDAOHIW_USA_DELIM-DKDXYPQGOREEPBDAOHIW_NA is identical to A_DELIM-LIWRFVQUUOGNJPCNJTYC_Bahrain_DELIM-LIWRFVQUUOGNJPCNJTYC_RVT0145_DELIM-LIWRFVQUUOGNJPCNJTYC_2018_DELIM-DKDXYPQGOREEPBDAOHIW_6_DELIM-DKDXYPQGOREEPBDAOHIW_02_DELIM-LIWRFVQUUOGNJPCNJTYC_10_DELIM-LIWRFVQUUOGNJPCNJTYC_2018_DELIM-DKDXYPQGOREEPBDAOHIW_Bahrain_DELIM-DKDXYPQGOREEPBDAOHIW_NA but kept for subsequent analysis
NOTE: 1 identical sequences (see below) will be ignored for subsequent analysis
NOTE: A_DELIM-LIWRFVQUUOGNJPCNJTYC_California_DELIM-LIWRFVQUUOGNJPCNJTYC_SEA0134_DELIM-LIWRFVQUUOGNJPCNJTYC_2018_DELIM-DKDXYPQGOREEPBDAOHIW_6_DELIM-DKDXYPQGOREEPBDAOHIW_01_DELIM-LIWRFVQUUOGNJPCNJTYC_11_DELIM-LIWRFVQUUOGNJPCNJTYC_2018_DELIM-DKDXYPQGOREEPBDAOHIW_USA_DELIM-DKDXYPQGOREEPBDAOHIW_NA (identical to A_DELIM-LIWRFVQUUOGNJPCNJTYC_Bahrain_DELIM-LIWRFVQUUOGNJPCNJTYC_RVT0145_DELIM-LIWRFVQUUOGNJPCNJTYC_2018_DELIM-DKDXYPQGOREEPBDAOHIW_6_DELIM-DKDXYPQGOREEPBDAOHIW_02_DELIM-LIWRFVQUUOGNJPCNJTYC_10_DELIM-LIWRFVQUUOGNJPCNJTYC_2018_DELIM-DKDXYPQGOREEPBDAOHIW_Bahrain_DELIM-DKDXYPQGOREEPBDAOHIW_NA) is ignored but added at the end

For your convenience alignment with unique sequences printed to results/aligned-delim.fasta.uniqueseq.phy

Create initial parsimony tree by phylogenetic likelihood library (PLL)... 0.002 seconds

NOTE: 0 MB RAM (0 GB) is required!
Estimate model parameters (epsilon = 0.500)
1. Initial log-likelihood: -6187.455
2. Current log-likelihood: -5801.719
3. Current log-likelihood: -5800.784
Optimal log-likelihood: -5800.782
Rate parameters:  A-C: 2.83070  A-G: 8.31098  A-T: 1.14347  C-G: 0.16335  C-T: 11.08299  G-T: 1.00000
Base frequencies:  A: 0.312  C: 0.192  G: 0.236  T: 0.260
Parameters optimization took 3 rounds (0.036 sec)
Computing ML distances based on estimated model parameters... 0.006 sec
Computing BIONJ tree...
0.001 seconds
Log-likelihood of BIONJ tree: -5792.524
--------------------------------------------------------------------
|             INITIALIZING CANDIDATE TREE SET                      |
--------------------------------------------------------------------

Do NNI search on 2 best initial trees
BETTER TREE FOUND at iteration 1: -5792.523
Finish initializing candidate tree set (4)
Current best tree score: -5792.523 / CPU time: 0.018
Number of iterations: 2
TREE SEARCH COMPLETED AFTER 2 ITERATIONS / Time: 0h:0m:0s

--------------------------------------------------------------------
|                    FINALIZING TREE SEARCH                        |
--------------------------------------------------------------------
Performs final model parameters optimization
Estimate model parameters (epsilon = 0.050)
1. Initial log-likelihood: -5792.523
2. Current log-likelihood: -5792.471
Optimal log-likelihood: -5792.471
Rate parameters:  A-C: 2.77046  A-G: 8.32142  A-T: 1.09654  C-G: 0.15734  C-T: 11.08858  G-T: 1.00000
Base frequencies:  A: 0.312  C: 0.192  G: 0.236  T: 0.260
Parameters optimization took 2 rounds (0.009 sec)
BEST SCORE FOUND : -5792.471
Total tree length: 0.591

Total number of iterations: 2
CPU time used for tree search: 0.017 sec (0h:0m:0s)
Wall-clock time used for tree search: 0.018 sec (0h:0m:0s)
Total CPU time used: 0.077 sec (0h:0m:0s)
Total wall-clock time used: 0.083 sec (0h:0m:0s)

Analysis results written to: 
  IQ-TREE report:                results/aligned-delim.fasta.iqtree
  Maximum-likelihood tree:       results/aligned-delim.fasta.treefile
  Likelihood distances:          results/aligned-delim.fasta.mldist
  Screen log file:               results/aligned-delim.fasta.log

Date and Time: Sun Aug 28 17:52:11 2022
